2021-01-10 17:35:15 INFO  CrewMemberFactory:19 - Crew member creation
2021-01-10 17:35:15 INFO  CrewMemberFactory:19 - Crew member creation
2021-01-10 17:35:15 INFO  CrewMemberFactory:19 - Crew member creation
2021-01-10 17:35:15 INFO  CrewMemberFactory:19 - Crew member creation
2021-01-10 17:35:15 INFO  CrewMemberFactory:19 - Crew member creation
2021-01-10 17:35:15 INFO  CrewMemberFactory:19 - Crew member creation
2021-01-10 17:35:15 INFO  CrewMemberFactory:19 - Crew member creation
2021-01-10 17:35:15 INFO  CrewMemberFactory:19 - Crew member creation
2021-01-10 17:35:15 INFO  CrewMemberFactory:19 - Crew member creation
2021-01-10 17:35:15 INFO  CrewMemberFactory:19 - Crew member creation
2021-01-10 17:35:15 INFO  CrewMemberFactory:19 - Crew member creation
2021-01-10 17:35:15 INFO  CrewMemberFactory:19 - Crew member creation
2021-01-10 17:35:15 INFO  CrewMemberFactory:19 - Crew member creation
2021-01-10 17:35:15 INFO  CrewMemberFactory:19 - Crew member creation
2021-01-10 17:35:15 INFO  CrewMemberFactory:19 - Crew member creation
2021-01-10 17:35:15 INFO  CrewMemberFactory:19 - Crew member creation
2021-01-10 17:35:15 INFO  CrewMemberFactory:19 - Crew member creation
2021-01-10 17:35:15 INFO  CrewMemberFactory:19 - Crew member creation
2021-01-10 17:35:15 INFO  CrewMemberFactory:19 - Crew member creation
2021-01-10 17:35:15 INFO  CrewMemberFactory:19 - Crew member creation
2021-01-10 17:35:15 INFO  CrewMemberFactory:19 - Crew member creation
2021-01-10 17:35:15 INFO  CrewMemberFactory:19 - Crew member creation
2021-01-10 17:35:15 INFO  CrewMemberFactory:19 - Crew member creation
2021-01-10 17:35:15 INFO  CrewMemberFactory:19 - Crew member creation
2021-01-10 17:35:15 INFO  CrewMemberFactory:19 - Crew member creation
2021-01-10 17:35:15 INFO  CrewMemberFactory:19 - Crew member creation
2021-01-10 17:35:15 INFO  CrewMemberFactory:19 - Crew member creation
2021-01-10 17:35:15 INFO  CrewMemberFactory:19 - Crew member creation
2021-01-10 17:35:15 INFO  CrewMemberFactory:19 - Crew member creation
2021-01-10 17:35:15 INFO  CrewMemberFactory:19 - Crew member creation
2021-01-10 17:35:15 INFO  CrewMemberFactory:19 - Crew member creation
2021-01-10 17:35:15 INFO  CrewMemberFactory:19 - Crew member creation
2021-01-10 17:35:15 INFO  CrewMemberFactory:19 - Crew member creation
2021-01-10 17:35:15 INFO  CrewMemberFactory:19 - Crew member creation
2021-01-10 17:35:15 INFO  CrewMemberFactory:19 - Crew member creation
2021-01-10 17:35:15 INFO  CrewMemberFactory:19 - Crew member creation
2021-01-10 17:35:15 INFO  CrewMemberFactory:19 - Crew member creation
2021-01-10 17:35:15 INFO  CrewMemberFactory:19 - Crew member creation
2021-01-10 17:35:15 INFO  CrewMemberFactory:19 - Crew member creation
2021-01-10 17:35:15 INFO  CrewMemberFactory:19 - Crew member creation
2021-01-10 17:35:15 INFO  CrewMemberFactory:19 - Crew member creation
2021-01-10 17:35:15 INFO  CrewMemberFactory:19 - Crew member creation
2021-01-10 17:35:15 INFO  CrewMemberFactory:19 - Crew member creation
2021-01-10 17:35:15 INFO  CrewMemberFactory:19 - Crew member creation
2021-01-10 17:35:15 INFO  CrewMemberFactory:19 - Crew member creation
2021-01-10 17:35:15 INFO  CrewMemberFactory:19 - Crew member creation
2021-01-10 17:35:15 INFO  CrewMemberFactory:19 - Crew member creation
2021-01-10 17:35:15 INFO  CrewMemberFactory:19 - Crew member creation
2021-01-10 17:35:15 INFO  CrewMemberFactory:19 - Crew member creation
2021-01-10 17:35:15 INFO  CrewMemberFactory:19 - Crew member creation
2021-01-10 17:35:15 INFO  SpaceshipFactory:19 - Spaceship creation
2021-01-10 17:35:15 INFO  SpaceshipFactory:19 - Spaceship creation
2021-01-10 17:35:15 INFO  SpaceshipFactory:19 - Spaceship creation
2021-01-10 17:35:15 INFO  SpaceshipFactory:19 - Spaceship creation
2021-01-10 17:35:15 INFO  SpaceshipFactory:19 - Spaceship creation
2021-01-10 17:35:15 INFO  SpaceshipFactory:19 - Spaceship creation
2021-01-10 17:35:15 INFO  SpaceshipFactory:19 - Spaceship creation
2021-01-10 17:35:15 INFO  SpaceshipFactory:19 - Spaceship creation
2021-01-10 17:35:15 INFO  SpaceshipFactory:19 - Spaceship creation
2021-01-10 17:35:15 INFO  SpaceshipFactory:19 - Spaceship creation
2021-01-10 17:35:15 INFO  SpaceshipFactory:19 - Spaceship creation
2021-01-10 17:35:15 INFO  SpaceshipFactory:19 - Spaceship creation
2021-01-10 17:35:15 INFO  SpaceshipFactory:19 - Spaceship creation
2021-01-10 17:35:15 INFO  SpaceshipFactory:19 - Spaceship creation
2021-01-10 17:35:15 INFO  SpaceshipFactory:19 - Spaceship creation
2021-01-10 17:35:15 INFO  SpaceshipFactory:19 - Spaceship creation
2021-01-10 17:35:15 INFO  SpaceshipFactory:19 - Spaceship creation
2021-01-10 17:35:15 INFO  SpaceshipFactory:19 - Spaceship creation
2021-01-10 17:35:15 INFO  SpaceshipFactory:19 - Spaceship creation
2021-01-10 17:35:15 INFO  SpaceshipFactory:19 - Spaceship creation
2021-01-10 17:35:15 INFO  SpaceshipFactory:19 - Spaceship creation
2021-01-10 17:35:15 INFO  SpaceshipFactory:19 - Spaceship creation
2021-01-10 17:35:15 INFO  SpaceshipFactory:19 - Spaceship creation
2021-01-10 17:35:15 INFO  SpaceshipFactory:19 - Spaceship creation
2021-01-10 17:35:15 INFO  SpaceshipFactory:19 - Spaceship creation
2021-01-10 17:35:15 INFO  SpaceshipFactory:19 - Spaceship creation
2021-01-10 17:35:15 INFO  SpaceshipFactory:19 - Spaceship creation
2021-01-10 17:35:15 INFO  SpaceshipFactory:19 - Spaceship creation
2021-01-10 17:35:15 INFO  SpaceshipFactory:19 - Spaceship creation
2021-01-10 17:35:15 INFO  SpaceshipFactory:19 - Spaceship creation
2021-01-10 17:35:19 INFO  ApplicationMenu:77 - User chose to update crew member
2021-01-10 17:35:21 ERROR ApplicationMenu:152 - An error occurred in menu
2021-01-10 17:35:27 INFO  ApplicationMenu:65 - User chose to print crew members
2021-01-10 17:36:18 INFO  CrewMemberFactory:19 - Crew member creation
2021-01-10 17:36:18 INFO  CrewMemberFactory:19 - Crew member creation
2021-01-10 17:36:18 INFO  CrewMemberFactory:19 - Crew member creation
2021-01-10 17:36:18 INFO  CrewMemberFactory:19 - Crew member creation
2021-01-10 17:36:18 INFO  CrewMemberFactory:19 - Crew member creation
2021-01-10 17:36:18 INFO  CrewMemberFactory:19 - Crew member creation
2021-01-10 17:36:18 INFO  CrewMemberFactory:19 - Crew member creation
2021-01-10 17:36:18 INFO  CrewMemberFactory:19 - Crew member creation
2021-01-10 17:36:18 INFO  CrewMemberFactory:19 - Crew member creation
2021-01-10 17:36:18 INFO  CrewMemberFactory:19 - Crew member creation
2021-01-10 17:36:18 INFO  CrewMemberFactory:19 - Crew member creation
2021-01-10 17:36:18 INFO  CrewMemberFactory:19 - Crew member creation
2021-01-10 17:36:18 INFO  CrewMemberFactory:19 - Crew member creation
2021-01-10 17:36:18 INFO  CrewMemberFactory:19 - Crew member creation
2021-01-10 17:36:18 INFO  CrewMemberFactory:19 - Crew member creation
2021-01-10 17:36:18 INFO  CrewMemberFactory:19 - Crew member creation
2021-01-10 17:36:18 INFO  CrewMemberFactory:19 - Crew member creation
2021-01-10 17:36:18 INFO  CrewMemberFactory:19 - Crew member creation
2021-01-10 17:36:18 INFO  CrewMemberFactory:19 - Crew member creation
2021-01-10 17:36:18 INFO  CrewMemberFactory:19 - Crew member creation
2021-01-10 17:36:18 INFO  CrewMemberFactory:19 - Crew member creation
2021-01-10 17:36:18 INFO  CrewMemberFactory:19 - Crew member creation
2021-01-10 17:36:18 INFO  CrewMemberFactory:19 - Crew member creation
2021-01-10 17:36:18 INFO  CrewMemberFactory:19 - Crew member creation
2021-01-10 17:36:18 INFO  CrewMemberFactory:19 - Crew member creation
2021-01-10 17:36:18 INFO  CrewMemberFactory:19 - Crew member creation
2021-01-10 17:36:18 INFO  CrewMemberFactory:19 - Crew member creation
2021-01-10 17:36:18 INFO  CrewMemberFactory:19 - Crew member creation
2021-01-10 17:36:18 INFO  CrewMemberFactory:19 - Crew member creation
2021-01-10 17:36:18 INFO  CrewMemberFactory:19 - Crew member creation
2021-01-10 17:36:18 INFO  CrewMemberFactory:19 - Crew member creation
2021-01-10 17:36:18 INFO  CrewMemberFactory:19 - Crew member creation
2021-01-10 17:36:18 INFO  CrewMemberFactory:19 - Crew member creation
2021-01-10 17:36:18 INFO  CrewMemberFactory:19 - Crew member creation
2021-01-10 17:36:18 INFO  CrewMemberFactory:19 - Crew member creation
2021-01-10 17:36:18 INFO  CrewMemberFactory:19 - Crew member creation
2021-01-10 17:36:18 INFO  CrewMemberFactory:19 - Crew member creation
2021-01-10 17:36:18 INFO  CrewMemberFactory:19 - Crew member creation
2021-01-10 17:36:18 INFO  CrewMemberFactory:19 - Crew member creation
2021-01-10 17:36:18 INFO  CrewMemberFactory:19 - Crew member creation
2021-01-10 17:36:18 INFO  CrewMemberFactory:19 - Crew member creation
2021-01-10 17:36:18 INFO  CrewMemberFactory:19 - Crew member creation
2021-01-10 17:36:18 INFO  CrewMemberFactory:19 - Crew member creation
2021-01-10 17:36:18 INFO  CrewMemberFactory:19 - Crew member creation
2021-01-10 17:36:18 INFO  CrewMemberFactory:19 - Crew member creation
2021-01-10 17:36:18 INFO  CrewMemberFactory:19 - Crew member creation
2021-01-10 17:36:18 INFO  CrewMemberFactory:19 - Crew member creation
2021-01-10 17:36:18 INFO  CrewMemberFactory:19 - Crew member creation
2021-01-10 17:36:18 INFO  CrewMemberFactory:19 - Crew member creation
2021-01-10 17:36:18 INFO  CrewMemberFactory:19 - Crew member creation
2021-01-10 17:36:18 INFO  CrewMemberFactory:19 - Crew member creation
2021-01-10 17:36:18 INFO  CrewMemberFactory:19 - Crew member creation
2021-01-10 17:36:18 INFO  CrewMemberFactory:19 - Crew member creation
2021-01-10 17:36:18 INFO  CrewMemberFactory:19 - Crew member creation
2021-01-10 17:36:18 INFO  CrewMemberFactory:19 - Crew member creation
2021-01-10 17:36:18 INFO  CrewMemberFactory:19 - Crew member creation
2021-01-10 17:36:18 INFO  CrewMemberFactory:19 - Crew member creation
2021-01-10 17:36:18 INFO  CrewMemberFactory:19 - Crew member creation
2021-01-10 17:36:18 INFO  CrewMemberFactory:19 - Crew member creation
2021-01-10 17:36:18 INFO  CrewMemberFactory:19 - Crew member creation
2021-01-10 17:36:18 INFO  CrewMemberFactory:19 - Crew member creation
2021-01-10 17:36:18 INFO  CrewMemberFactory:19 - Crew member creation
2021-01-10 17:36:18 INFO  CrewMemberFactory:19 - Crew member creation
2021-01-10 17:36:18 INFO  CrewMemberFactory:19 - Crew member creation
2021-01-10 17:36:18 INFO  CrewMemberFactory:19 - Crew member creation
2021-01-10 17:36:18 INFO  CrewMemberFactory:19 - Crew member creation
2021-01-10 17:36:18 INFO  CrewMemberFactory:19 - Crew member creation
2021-01-10 17:36:18 INFO  CrewMemberFactory:19 - Crew member creation
2021-01-10 17:36:18 INFO  CrewMemberFactory:19 - Crew member creation
2021-01-10 17:36:18 INFO  CrewMemberFactory:19 - Crew member creation
2021-01-10 17:36:18 INFO  CrewMemberFactory:19 - Crew member creation
2021-01-10 17:36:18 INFO  CrewMemberFactory:19 - Crew member creation
2021-01-10 17:36:18 INFO  CrewMemberFactory:19 - Crew member creation
2021-01-10 17:36:18 INFO  CrewMemberFactory:19 - Crew member creation
2021-01-10 17:36:18 INFO  CrewMemberFactory:19 - Crew member creation
2021-01-10 17:36:18 INFO  CrewMemberFactory:19 - Crew member creation
2021-01-10 17:36:18 INFO  CrewMemberFactory:19 - Crew member creation
2021-01-10 17:36:18 INFO  CrewMemberFactory:19 - Crew member creation
2021-01-10 17:36:18 INFO  CrewMemberFactory:19 - Crew member creation
2021-01-10 17:36:18 INFO  CrewMemberFactory:19 - Crew member creation
2021-01-10 17:36:18 INFO  CrewMemberFactory:19 - Crew member creation
2021-01-10 17:36:18 INFO  CrewMemberFactory:19 - Crew member creation
2021-01-10 17:36:18 INFO  CrewMemberFactory:19 - Crew member creation
2021-01-10 17:36:18 INFO  CrewMemberFactory:19 - Crew member creation
2021-01-10 17:36:18 INFO  CrewMemberFactory:19 - Crew member creation
2021-01-10 17:36:18 INFO  CrewMemberFactory:19 - Crew member creation
2021-01-10 17:36:18 INFO  CrewMemberFactory:19 - Crew member creation
2021-01-10 17:36:18 INFO  CrewMemberFactory:19 - Crew member creation
2021-01-10 17:36:18 INFO  CrewMemberFactory:19 - Crew member creation
2021-01-10 17:36:18 INFO  CrewMemberFactory:19 - Crew member creation
2021-01-10 17:36:18 INFO  CrewMemberFactory:19 - Crew member creation
2021-01-10 17:36:18 INFO  CrewMemberFactory:19 - Crew member creation
2021-01-10 17:36:18 INFO  CrewMemberFactory:19 - Crew member creation
2021-01-10 17:36:18 INFO  CrewMemberFactory:19 - Crew member creation
2021-01-10 17:36:18 INFO  CrewMemberFactory:19 - Crew member creation
2021-01-10 17:36:18 INFO  CrewMemberFactory:19 - Crew member creation
2021-01-10 17:36:18 INFO  CrewMemberFactory:19 - Crew member creation
2021-01-10 17:36:18 INFO  CrewMemberFactory:19 - Crew member creation
2021-01-10 17:36:18 INFO  CrewMemberFactory:19 - Crew member creation
2021-01-10 17:36:18 INFO  CrewMemberFactory:19 - Crew member creation
2021-01-10 17:36:18 INFO  SpaceshipFactory:19 - Spaceship creation
2021-01-10 17:36:18 INFO  SpaceshipFactory:19 - Spaceship creation
2021-01-10 17:36:18 INFO  SpaceshipFactory:19 - Spaceship creation
2021-01-10 17:36:18 INFO  SpaceshipFactory:19 - Spaceship creation
2021-01-10 17:36:18 INFO  SpaceshipFactory:19 - Spaceship creation
2021-01-10 17:36:18 INFO  SpaceshipFactory:19 - Spaceship creation
2021-01-10 17:36:18 INFO  SpaceshipFactory:19 - Spaceship creation
2021-01-10 17:36:18 INFO  SpaceshipFactory:19 - Spaceship creation
2021-01-10 17:36:18 INFO  SpaceshipFactory:19 - Spaceship creation
2021-01-10 17:36:18 INFO  SpaceshipFactory:19 - Spaceship creation
2021-01-10 17:36:18 INFO  SpaceshipFactory:19 - Spaceship creation
2021-01-10 17:36:18 INFO  SpaceshipFactory:19 - Spaceship creation
2021-01-10 17:36:18 INFO  SpaceshipFactory:19 - Spaceship creation
2021-01-10 17:36:18 INFO  SpaceshipFactory:19 - Spaceship creation
2021-01-10 17:36:18 INFO  SpaceshipFactory:19 - Spaceship creation
2021-01-10 17:36:18 INFO  SpaceshipFactory:19 - Spaceship creation
2021-01-10 17:36:18 INFO  SpaceshipFactory:19 - Spaceship creation
2021-01-10 17:36:18 INFO  SpaceshipFactory:19 - Spaceship creation
2021-01-10 17:36:18 INFO  SpaceshipFactory:19 - Spaceship creation
2021-01-10 17:36:18 INFO  SpaceshipFactory:19 - Spaceship creation
2021-01-10 17:36:18 INFO  SpaceshipFactory:19 - Spaceship creation
2021-01-10 17:36:18 INFO  SpaceshipFactory:19 - Spaceship creation
2021-01-10 17:36:18 INFO  SpaceshipFactory:19 - Spaceship creation
2021-01-10 17:36:18 INFO  SpaceshipFactory:19 - Spaceship creation
2021-01-10 17:36:18 INFO  SpaceshipFactory:19 - Spaceship creation
2021-01-10 17:36:18 INFO  SpaceshipFactory:19 - Spaceship creation
2021-01-10 17:36:18 INFO  SpaceshipFactory:19 - Spaceship creation
2021-01-10 17:36:18 INFO  SpaceshipFactory:19 - Spaceship creation
2021-01-10 17:36:18 INFO  SpaceshipFactory:19 - Spaceship creation
2021-01-10 17:36:18 INFO  SpaceshipFactory:19 - Spaceship creation
2021-01-10 17:36:24 INFO  ApplicationMenu:77 - User chose to update crew member
2021-01-10 17:37:19 INFO  CrewMemberFactory:19 - Crew member creation
2021-01-10 17:37:20 INFO  CrewMemberFactory:19 - Crew member creation
2021-01-10 17:37:20 INFO  CrewMemberFactory:19 - Crew member creation
2021-01-10 17:37:20 INFO  CrewMemberFactory:19 - Crew member creation
2021-01-10 17:37:20 INFO  CrewMemberFactory:19 - Crew member creation
2021-01-10 17:37:20 INFO  CrewMemberFactory:19 - Crew member creation
2021-01-10 17:37:20 INFO  CrewMemberFactory:19 - Crew member creation
2021-01-10 17:37:20 INFO  CrewMemberFactory:19 - Crew member creation
2021-01-10 17:37:20 INFO  CrewMemberFactory:19 - Crew member creation
2021-01-10 17:37:20 INFO  CrewMemberFactory:19 - Crew member creation
2021-01-10 17:37:20 INFO  CrewMemberFactory:19 - Crew member creation
2021-01-10 17:37:20 INFO  CrewMemberFactory:19 - Crew member creation
2021-01-10 17:37:20 INFO  CrewMemberFactory:19 - Crew member creation
2021-01-10 17:37:20 INFO  CrewMemberFactory:19 - Crew member creation
2021-01-10 17:37:20 INFO  CrewMemberFactory:19 - Crew member creation
2021-01-10 17:37:20 INFO  CrewMemberFactory:19 - Crew member creation
2021-01-10 17:37:20 INFO  CrewMemberFactory:19 - Crew member creation
2021-01-10 17:37:20 INFO  CrewMemberFactory:19 - Crew member creation
2021-01-10 17:37:20 INFO  CrewMemberFactory:19 - Crew member creation
2021-01-10 17:37:20 INFO  CrewMemberFactory:19 - Crew member creation
2021-01-10 17:37:20 INFO  CrewMemberFactory:19 - Crew member creation
2021-01-10 17:37:20 INFO  CrewMemberFactory:19 - Crew member creation
2021-01-10 17:37:20 INFO  CrewMemberFactory:19 - Crew member creation
2021-01-10 17:37:20 INFO  CrewMemberFactory:19 - Crew member creation
2021-01-10 17:37:20 INFO  CrewMemberFactory:19 - Crew member creation
2021-01-10 17:37:20 INFO  CrewMemberFactory:19 - Crew member creation
2021-01-10 17:37:20 INFO  CrewMemberFactory:19 - Crew member creation
2021-01-10 17:37:20 INFO  CrewMemberFactory:19 - Crew member creation
2021-01-10 17:37:20 INFO  CrewMemberFactory:19 - Crew member creation
2021-01-10 17:37:20 INFO  CrewMemberFactory:19 - Crew member creation
2021-01-10 17:37:20 INFO  CrewMemberFactory:19 - Crew member creation
2021-01-10 17:37:20 INFO  CrewMemberFactory:19 - Crew member creation
2021-01-10 17:37:20 INFO  CrewMemberFactory:19 - Crew member creation
2021-01-10 17:37:20 INFO  CrewMemberFactory:19 - Crew member creation
2021-01-10 17:37:20 INFO  CrewMemberFactory:19 - Crew member creation
2021-01-10 17:37:20 INFO  CrewMemberFactory:19 - Crew member creation
2021-01-10 17:37:20 INFO  CrewMemberFactory:19 - Crew member creation
2021-01-10 17:37:20 INFO  CrewMemberFactory:19 - Crew member creation
2021-01-10 17:37:20 INFO  CrewMemberFactory:19 - Crew member creation
2021-01-10 17:37:20 INFO  CrewMemberFactory:19 - Crew member creation
2021-01-10 17:37:20 INFO  CrewMemberFactory:19 - Crew member creation
2021-01-10 17:37:20 INFO  CrewMemberFactory:19 - Crew member creation
2021-01-10 17:37:20 INFO  CrewMemberFactory:19 - Crew member creation
2021-01-10 17:37:20 INFO  CrewMemberFactory:19 - Crew member creation
2021-01-10 17:37:20 INFO  CrewMemberFactory:19 - Crew member creation
2021-01-10 17:37:20 INFO  CrewMemberFactory:19 - Crew member creation
2021-01-10 17:37:20 INFO  CrewMemberFactory:19 - Crew member creation
2021-01-10 17:37:20 INFO  CrewMemberFactory:19 - Crew member creation
2021-01-10 17:37:20 INFO  CrewMemberFactory:19 - Crew member creation
2021-01-10 17:37:20 INFO  CrewMemberFactory:19 - Crew member creation
2021-01-10 17:37:20 INFO  CrewMemberFactory:19 - Crew member creation
2021-01-10 17:37:20 INFO  CrewMemberFactory:19 - Crew member creation
2021-01-10 17:37:20 INFO  CrewMemberFactory:19 - Crew member creation
2021-01-10 17:37:20 INFO  CrewMemberFactory:19 - Crew member creation
2021-01-10 17:37:20 INFO  CrewMemberFactory:19 - Crew member creation
2021-01-10 17:37:20 INFO  CrewMemberFactory:19 - Crew member creation
2021-01-10 17:37:20 INFO  CrewMemberFactory:19 - Crew member creation
2021-01-10 17:37:20 INFO  CrewMemberFactory:19 - Crew member creation
2021-01-10 17:37:20 INFO  CrewMemberFactory:19 - Crew member creation
2021-01-10 17:37:20 INFO  CrewMemberFactory:19 - Crew member creation
2021-01-10 17:37:20 INFO  CrewMemberFactory:19 - Crew member creation
2021-01-10 17:37:20 INFO  CrewMemberFactory:19 - Crew member creation
2021-01-10 17:37:20 INFO  CrewMemberFactory:19 - Crew member creation
2021-01-10 17:37:20 INFO  CrewMemberFactory:19 - Crew member creation
2021-01-10 17:37:20 INFO  CrewMemberFactory:19 - Crew member creation
2021-01-10 17:37:20 INFO  CrewMemberFactory:19 - Crew member creation
2021-01-10 17:37:20 INFO  CrewMemberFactory:19 - Crew member creation
2021-01-10 17:37:20 INFO  CrewMemberFactory:19 - Crew member creation
2021-01-10 17:37:20 INFO  CrewMemberFactory:19 - Crew member creation
2021-01-10 17:37:20 INFO  CrewMemberFactory:19 - Crew member creation
2021-01-10 17:37:20 INFO  CrewMemberFactory:19 - Crew member creation
2021-01-10 17:37:20 INFO  CrewMemberFactory:19 - Crew member creation
2021-01-10 17:37:20 INFO  CrewMemberFactory:19 - Crew member creation
2021-01-10 17:37:20 INFO  CrewMemberFactory:19 - Crew member creation
2021-01-10 17:37:20 INFO  CrewMemberFactory:19 - Crew member creation
2021-01-10 17:37:20 INFO  CrewMemberFactory:19 - Crew member creation
2021-01-10 17:37:20 INFO  CrewMemberFactory:19 - Crew member creation
2021-01-10 17:37:20 INFO  CrewMemberFactory:19 - Crew member creation
2021-01-10 17:37:20 INFO  CrewMemberFactory:19 - Crew member creation
2021-01-10 17:37:20 INFO  CrewMemberFactory:19 - Crew member creation
2021-01-10 17:37:20 INFO  CrewMemberFactory:19 - Crew member creation
2021-01-10 17:37:20 INFO  CrewMemberFactory:19 - Crew member creation
2021-01-10 17:37:20 INFO  CrewMemberFactory:19 - Crew member creation
2021-01-10 17:37:20 INFO  CrewMemberFactory:19 - Crew member creation
2021-01-10 17:37:20 INFO  CrewMemberFactory:19 - Crew member creation
2021-01-10 17:37:20 INFO  CrewMemberFactory:19 - Crew member creation
2021-01-10 17:37:20 INFO  CrewMemberFactory:19 - Crew member creation
2021-01-10 17:37:20 INFO  CrewMemberFactory:19 - Crew member creation
2021-01-10 17:37:20 INFO  CrewMemberFactory:19 - Crew member creation
2021-01-10 17:37:20 INFO  CrewMemberFactory:19 - Crew member creation
2021-01-10 17:37:20 INFO  CrewMemberFactory:19 - Crew member creation
2021-01-10 17:37:20 INFO  CrewMemberFactory:19 - Crew member creation
2021-01-10 17:37:20 INFO  CrewMemberFactory:19 - Crew member creation
2021-01-10 17:37:20 INFO  CrewMemberFactory:19 - Crew member creation
2021-01-10 17:37:20 INFO  CrewMemberFactory:19 - Crew member creation
2021-01-10 17:37:20 INFO  CrewMemberFactory:19 - Crew member creation
2021-01-10 17:37:20 INFO  CrewMemberFactory:19 - Crew member creation
2021-01-10 17:37:20 INFO  CrewMemberFactory:19 - Crew member creation
2021-01-10 17:37:20 INFO  CrewMemberFactory:19 - Crew member creation
2021-01-10 17:37:20 INFO  CrewMemberFactory:19 - Crew member creation
2021-01-10 17:37:20 INFO  SpaceshipFactory:19 - Spaceship creation
2021-01-10 17:37:20 INFO  SpaceshipFactory:19 - Spaceship creation
2021-01-10 17:37:20 INFO  SpaceshipFactory:19 - Spaceship creation
2021-01-10 17:37:20 INFO  SpaceshipFactory:19 - Spaceship creation
2021-01-10 17:37:20 INFO  SpaceshipFactory:19 - Spaceship creation
2021-01-10 17:37:20 INFO  SpaceshipFactory:19 - Spaceship creation
2021-01-10 17:37:20 INFO  SpaceshipFactory:19 - Spaceship creation
2021-01-10 17:37:20 INFO  SpaceshipFactory:19 - Spaceship creation
2021-01-10 17:37:20 INFO  SpaceshipFactory:19 - Spaceship creation
2021-01-10 17:37:20 INFO  SpaceshipFactory:19 - Spaceship creation
2021-01-10 17:37:20 INFO  SpaceshipFactory:19 - Spaceship creation
2021-01-10 17:37:20 INFO  SpaceshipFactory:19 - Spaceship creation
2021-01-10 17:37:20 INFO  SpaceshipFactory:19 - Spaceship creation
2021-01-10 17:37:20 INFO  SpaceshipFactory:19 - Spaceship creation
2021-01-10 17:37:20 INFO  SpaceshipFactory:19 - Spaceship creation
2021-01-10 17:37:20 INFO  SpaceshipFactory:19 - Spaceship creation
2021-01-10 17:37:20 INFO  SpaceshipFactory:19 - Spaceship creation
2021-01-10 17:37:20 INFO  SpaceshipFactory:19 - Spaceship creation
2021-01-10 17:37:20 INFO  SpaceshipFactory:19 - Spaceship creation
2021-01-10 17:37:20 INFO  SpaceshipFactory:19 - Spaceship creation
2021-01-10 17:37:20 INFO  SpaceshipFactory:19 - Spaceship creation
2021-01-10 17:37:20 INFO  SpaceshipFactory:19 - Spaceship creation
2021-01-10 17:37:20 INFO  SpaceshipFactory:19 - Spaceship creation
2021-01-10 17:37:20 INFO  SpaceshipFactory:19 - Spaceship creation
2021-01-10 17:37:20 INFO  SpaceshipFactory:19 - Spaceship creation
2021-01-10 17:37:20 INFO  SpaceshipFactory:19 - Spaceship creation
2021-01-10 17:37:20 INFO  SpaceshipFactory:19 - Spaceship creation
2021-01-10 17:37:20 INFO  SpaceshipFactory:19 - Spaceship creation
2021-01-10 17:37:20 INFO  SpaceshipFactory:19 - Spaceship creation
2021-01-10 17:37:20 INFO  SpaceshipFactory:19 - Spaceship creation
2021-01-10 17:37:23 INFO  ApplicationMenu:77 - User chose to update crew member
2021-01-10 17:37:25 ERROR ApplicationMenu:152 - An error occurred in menu
2021-01-10 17:37:36 INFO  ApplicationMenu:77 - User chose to update crew member
2021-01-10 17:37:41 INFO  ApplicationMenu:65 - User chose to print crew members
2021-01-10 17:40:26 INFO  CrewMemberFactory:19 - Crew member creation
2021-01-10 17:40:26 INFO  CrewMemberFactory:19 - Crew member creation
2021-01-10 17:40:26 INFO  CrewMemberFactory:19 - Crew member creation
2021-01-10 17:40:26 INFO  CrewMemberFactory:19 - Crew member creation
2021-01-10 17:40:26 INFO  CrewMemberFactory:19 - Crew member creation
2021-01-10 17:40:26 INFO  CrewMemberFactory:19 - Crew member creation
2021-01-10 17:40:26 INFO  CrewMemberFactory:19 - Crew member creation
2021-01-10 17:40:26 INFO  CrewMemberFactory:19 - Crew member creation
2021-01-10 17:40:26 INFO  CrewMemberFactory:19 - Crew member creation
2021-01-10 17:40:26 INFO  CrewMemberFactory:19 - Crew member creation
2021-01-10 17:40:26 INFO  CrewMemberFactory:19 - Crew member creation
2021-01-10 17:40:26 INFO  CrewMemberFactory:19 - Crew member creation
2021-01-10 17:40:26 INFO  CrewMemberFactory:19 - Crew member creation
2021-01-10 17:40:26 INFO  CrewMemberFactory:19 - Crew member creation
2021-01-10 17:40:26 INFO  CrewMemberFactory:19 - Crew member creation
2021-01-10 17:40:26 INFO  CrewMemberFactory:19 - Crew member creation
2021-01-10 17:40:26 INFO  CrewMemberFactory:19 - Crew member creation
2021-01-10 17:40:26 INFO  CrewMemberFactory:19 - Crew member creation
2021-01-10 17:40:26 INFO  CrewMemberFactory:19 - Crew member creation
2021-01-10 17:40:26 INFO  CrewMemberFactory:19 - Crew member creation
2021-01-10 17:40:26 INFO  CrewMemberFactory:19 - Crew member creation
2021-01-10 17:40:26 INFO  CrewMemberFactory:19 - Crew member creation
2021-01-10 17:40:26 INFO  CrewMemberFactory:19 - Crew member creation
2021-01-10 17:40:26 INFO  CrewMemberFactory:19 - Crew member creation
2021-01-10 17:40:26 INFO  CrewMemberFactory:19 - Crew member creation
2021-01-10 17:40:26 INFO  CrewMemberFactory:19 - Crew member creation
2021-01-10 17:40:26 INFO  CrewMemberFactory:19 - Crew member creation
2021-01-10 17:40:26 INFO  CrewMemberFactory:19 - Crew member creation
2021-01-10 17:40:26 INFO  CrewMemberFactory:19 - Crew member creation
2021-01-10 17:40:26 INFO  CrewMemberFactory:19 - Crew member creation
2021-01-10 17:40:26 INFO  CrewMemberFactory:19 - Crew member creation
2021-01-10 17:40:26 INFO  CrewMemberFactory:19 - Crew member creation
2021-01-10 17:40:26 INFO  CrewMemberFactory:19 - Crew member creation
2021-01-10 17:40:26 INFO  CrewMemberFactory:19 - Crew member creation
2021-01-10 17:40:26 INFO  CrewMemberFactory:19 - Crew member creation
2021-01-10 17:40:26 INFO  CrewMemberFactory:19 - Crew member creation
2021-01-10 17:40:26 INFO  CrewMemberFactory:19 - Crew member creation
2021-01-10 17:40:26 INFO  CrewMemberFactory:19 - Crew member creation
2021-01-10 17:40:26 INFO  CrewMemberFactory:19 - Crew member creation
2021-01-10 17:40:26 INFO  CrewMemberFactory:19 - Crew member creation
2021-01-10 17:40:26 INFO  CrewMemberFactory:19 - Crew member creation
2021-01-10 17:40:26 INFO  CrewMemberFactory:19 - Crew member creation
2021-01-10 17:40:26 INFO  CrewMemberFactory:19 - Crew member creation
2021-01-10 17:40:26 INFO  CrewMemberFactory:19 - Crew member creation
2021-01-10 17:40:26 INFO  CrewMemberFactory:19 - Crew member creation
2021-01-10 17:40:26 INFO  CrewMemberFactory:19 - Crew member creation
2021-01-10 17:40:26 INFO  CrewMemberFactory:19 - Crew member creation
2021-01-10 17:40:26 INFO  CrewMemberFactory:19 - Crew member creation
2021-01-10 17:40:26 INFO  CrewMemberFactory:19 - Crew member creation
2021-01-10 17:40:26 INFO  CrewMemberFactory:19 - Crew member creation
2021-01-10 17:40:26 INFO  CrewMemberFactory:19 - Crew member creation
2021-01-10 17:40:26 INFO  CrewMemberFactory:19 - Crew member creation
2021-01-10 17:40:26 INFO  CrewMemberFactory:19 - Crew member creation
2021-01-10 17:40:26 INFO  CrewMemberFactory:19 - Crew member creation
2021-01-10 17:40:26 INFO  CrewMemberFactory:19 - Crew member creation
2021-01-10 17:40:26 INFO  CrewMemberFactory:19 - Crew member creation
2021-01-10 17:40:26 INFO  CrewMemberFactory:19 - Crew member creation
2021-01-10 17:40:26 INFO  CrewMemberFactory:19 - Crew member creation
2021-01-10 17:40:26 INFO  CrewMemberFactory:19 - Crew member creation
2021-01-10 17:40:26 INFO  CrewMemberFactory:19 - Crew member creation
2021-01-10 17:40:26 INFO  CrewMemberFactory:19 - Crew member creation
2021-01-10 17:40:26 INFO  CrewMemberFactory:19 - Crew member creation
2021-01-10 17:40:26 INFO  CrewMemberFactory:19 - Crew member creation
2021-01-10 17:40:26 INFO  CrewMemberFactory:19 - Crew member creation
2021-01-10 17:40:26 INFO  CrewMemberFactory:19 - Crew member creation
2021-01-10 17:40:26 INFO  CrewMemberFactory:19 - Crew member creation
2021-01-10 17:40:26 INFO  CrewMemberFactory:19 - Crew member creation
2021-01-10 17:40:26 INFO  CrewMemberFactory:19 - Crew member creation
2021-01-10 17:40:26 INFO  CrewMemberFactory:19 - Crew member creation
2021-01-10 17:40:26 INFO  CrewMemberFactory:19 - Crew member creation
2021-01-10 17:40:26 INFO  CrewMemberFactory:19 - Crew member creation
2021-01-10 17:40:26 INFO  CrewMemberFactory:19 - Crew member creation
2021-01-10 17:40:26 INFO  CrewMemberFactory:19 - Crew member creation
2021-01-10 17:40:26 INFO  CrewMemberFactory:19 - Crew member creation
2021-01-10 17:40:26 INFO  CrewMemberFactory:19 - Crew member creation
2021-01-10 17:40:26 INFO  CrewMemberFactory:19 - Crew member creation
2021-01-10 17:40:26 INFO  CrewMemberFactory:19 - Crew member creation
2021-01-10 17:40:26 INFO  CrewMemberFactory:19 - Crew member creation
2021-01-10 17:40:26 INFO  CrewMemberFactory:19 - Crew member creation
2021-01-10 17:40:26 INFO  CrewMemberFactory:19 - Crew member creation
2021-01-10 17:40:26 INFO  CrewMemberFactory:19 - Crew member creation
2021-01-10 17:40:26 INFO  CrewMemberFactory:19 - Crew member creation
2021-01-10 17:40:26 INFO  CrewMemberFactory:19 - Crew member creation
2021-01-10 17:40:26 INFO  CrewMemberFactory:19 - Crew member creation
2021-01-10 17:40:26 INFO  CrewMemberFactory:19 - Crew member creation
2021-01-10 17:40:26 INFO  CrewMemberFactory:19 - Crew member creation
2021-01-10 17:40:26 INFO  CrewMemberFactory:19 - Crew member creation
2021-01-10 17:40:26 INFO  CrewMemberFactory:19 - Crew member creation
2021-01-10 17:40:26 INFO  CrewMemberFactory:19 - Crew member creation
2021-01-10 17:40:26 INFO  CrewMemberFactory:19 - Crew member creation
2021-01-10 17:40:26 INFO  CrewMemberFactory:19 - Crew member creation
2021-01-10 17:40:26 INFO  CrewMemberFactory:19 - Crew member creation
2021-01-10 17:40:26 INFO  CrewMemberFactory:19 - Crew member creation
2021-01-10 17:40:26 INFO  CrewMemberFactory:19 - Crew member creation
2021-01-10 17:40:26 INFO  CrewMemberFactory:19 - Crew member creation
2021-01-10 17:40:26 INFO  CrewMemberFactory:19 - Crew member creation
2021-01-10 17:40:26 INFO  CrewMemberFactory:19 - Crew member creation
2021-01-10 17:40:26 INFO  CrewMemberFactory:19 - Crew member creation
2021-01-10 17:40:26 INFO  CrewMemberFactory:19 - Crew member creation
2021-01-10 17:40:26 INFO  CrewMemberFactory:19 - Crew member creation
2021-01-10 17:40:26 INFO  SpaceshipFactory:19 - Spaceship creation
2021-01-10 17:40:26 INFO  SpaceshipFactory:19 - Spaceship creation
2021-01-10 17:40:26 INFO  SpaceshipFactory:19 - Spaceship creation
2021-01-10 17:40:26 INFO  SpaceshipFactory:19 - Spaceship creation
2021-01-10 17:40:26 INFO  SpaceshipFactory:19 - Spaceship creation
2021-01-10 17:40:26 INFO  SpaceshipFactory:19 - Spaceship creation
2021-01-10 17:40:26 INFO  SpaceshipFactory:19 - Spaceship creation
2021-01-10 17:40:26 INFO  SpaceshipFactory:19 - Spaceship creation
2021-01-10 17:40:26 INFO  SpaceshipFactory:19 - Spaceship creation
2021-01-10 17:40:26 INFO  SpaceshipFactory:19 - Spaceship creation
2021-01-10 17:40:26 INFO  SpaceshipFactory:19 - Spaceship creation
2021-01-10 17:40:26 INFO  SpaceshipFactory:19 - Spaceship creation
2021-01-10 17:40:26 INFO  SpaceshipFactory:19 - Spaceship creation
2021-01-10 17:40:26 INFO  SpaceshipFactory:19 - Spaceship creation
2021-01-10 17:40:26 INFO  SpaceshipFactory:19 - Spaceship creation
2021-01-10 17:40:26 INFO  SpaceshipFactory:19 - Spaceship creation
2021-01-10 17:40:26 INFO  SpaceshipFactory:19 - Spaceship creation
2021-01-10 17:40:26 INFO  SpaceshipFactory:19 - Spaceship creation
2021-01-10 17:40:26 INFO  SpaceshipFactory:19 - Spaceship creation
2021-01-10 17:40:26 INFO  SpaceshipFactory:19 - Spaceship creation
2021-01-10 17:40:26 INFO  SpaceshipFactory:19 - Spaceship creation
2021-01-10 17:40:26 INFO  SpaceshipFactory:19 - Spaceship creation
2021-01-10 17:40:26 INFO  SpaceshipFactory:19 - Spaceship creation
2021-01-10 17:40:26 INFO  SpaceshipFactory:19 - Spaceship creation
2021-01-10 17:40:26 INFO  SpaceshipFactory:19 - Spaceship creation
2021-01-10 17:40:26 INFO  SpaceshipFactory:19 - Spaceship creation
2021-01-10 17:40:26 INFO  SpaceshipFactory:19 - Spaceship creation
2021-01-10 17:40:26 INFO  SpaceshipFactory:19 - Spaceship creation
2021-01-10 17:40:26 INFO  SpaceshipFactory:19 - Spaceship creation
2021-01-10 17:40:26 INFO  SpaceshipFactory:19 - Spaceship creation
2021-01-10 17:40:29 INFO  ApplicationMenu:78 - User chose to update crew member
2021-01-10 17:40:46 INFO  ApplicationMenu:78 - User chose to update crew member
2021-01-10 17:43:23 INFO  CrewMemberFactory:19 - Crew member creation
2021-01-10 17:43:24 INFO  CrewMemberFactory:19 - Crew member creation
2021-01-10 17:43:24 INFO  CrewMemberFactory:19 - Crew member creation
2021-01-10 17:43:24 INFO  CrewMemberFactory:19 - Crew member creation
2021-01-10 17:43:24 INFO  CrewMemberFactory:19 - Crew member creation
2021-01-10 17:43:24 INFO  CrewMemberFactory:19 - Crew member creation
2021-01-10 17:43:24 INFO  CrewMemberFactory:19 - Crew member creation
2021-01-10 17:43:24 INFO  CrewMemberFactory:19 - Crew member creation
2021-01-10 17:43:24 INFO  CrewMemberFactory:19 - Crew member creation
2021-01-10 17:43:24 INFO  CrewMemberFactory:19 - Crew member creation
2021-01-10 17:43:24 INFO  CrewMemberFactory:19 - Crew member creation
2021-01-10 17:43:24 INFO  CrewMemberFactory:19 - Crew member creation
2021-01-10 17:43:24 INFO  CrewMemberFactory:19 - Crew member creation
2021-01-10 17:43:24 INFO  CrewMemberFactory:19 - Crew member creation
2021-01-10 17:43:24 INFO  CrewMemberFactory:19 - Crew member creation
2021-01-10 17:43:24 INFO  CrewMemberFactory:19 - Crew member creation
2021-01-10 17:43:24 INFO  CrewMemberFactory:19 - Crew member creation
2021-01-10 17:43:24 INFO  CrewMemberFactory:19 - Crew member creation
2021-01-10 17:43:24 INFO  CrewMemberFactory:19 - Crew member creation
2021-01-10 17:43:24 INFO  CrewMemberFactory:19 - Crew member creation
2021-01-10 17:43:24 INFO  CrewMemberFactory:19 - Crew member creation
2021-01-10 17:43:24 INFO  CrewMemberFactory:19 - Crew member creation
2021-01-10 17:43:24 INFO  CrewMemberFactory:19 - Crew member creation
2021-01-10 17:43:24 INFO  CrewMemberFactory:19 - Crew member creation
2021-01-10 17:43:24 INFO  CrewMemberFactory:19 - Crew member creation
2021-01-10 17:43:24 INFO  CrewMemberFactory:19 - Crew member creation
2021-01-10 17:43:24 INFO  CrewMemberFactory:19 - Crew member creation
2021-01-10 17:43:24 INFO  CrewMemberFactory:19 - Crew member creation
2021-01-10 17:43:24 INFO  CrewMemberFactory:19 - Crew member creation
2021-01-10 17:43:24 INFO  CrewMemberFactory:19 - Crew member creation
2021-01-10 17:43:24 INFO  CrewMemberFactory:19 - Crew member creation
2021-01-10 17:43:24 INFO  CrewMemberFactory:19 - Crew member creation
2021-01-10 17:43:24 INFO  CrewMemberFactory:19 - Crew member creation
2021-01-10 17:43:24 INFO  CrewMemberFactory:19 - Crew member creation
2021-01-10 17:43:24 INFO  CrewMemberFactory:19 - Crew member creation
2021-01-10 17:43:24 INFO  CrewMemberFactory:19 - Crew member creation
2021-01-10 17:43:24 INFO  CrewMemberFactory:19 - Crew member creation
2021-01-10 17:43:24 INFO  CrewMemberFactory:19 - Crew member creation
2021-01-10 17:43:24 INFO  CrewMemberFactory:19 - Crew member creation
2021-01-10 17:43:24 INFO  CrewMemberFactory:19 - Crew member creation
2021-01-10 17:43:24 INFO  CrewMemberFactory:19 - Crew member creation
2021-01-10 17:43:24 INFO  CrewMemberFactory:19 - Crew member creation
2021-01-10 17:43:24 INFO  CrewMemberFactory:19 - Crew member creation
2021-01-10 17:43:24 INFO  CrewMemberFactory:19 - Crew member creation
2021-01-10 17:43:24 INFO  CrewMemberFactory:19 - Crew member creation
2021-01-10 17:43:24 INFO  CrewMemberFactory:19 - Crew member creation
2021-01-10 17:43:24 INFO  CrewMemberFactory:19 - Crew member creation
2021-01-10 17:43:24 INFO  CrewMemberFactory:19 - Crew member creation
2021-01-10 17:43:24 INFO  CrewMemberFactory:19 - Crew member creation
2021-01-10 17:43:24 INFO  CrewMemberFactory:19 - Crew member creation
2021-01-10 17:43:24 INFO  CrewMemberFactory:19 - Crew member creation
2021-01-10 17:43:24 INFO  CrewMemberFactory:19 - Crew member creation
2021-01-10 17:43:24 INFO  CrewMemberFactory:19 - Crew member creation
2021-01-10 17:43:24 INFO  CrewMemberFactory:19 - Crew member creation
2021-01-10 17:43:24 INFO  CrewMemberFactory:19 - Crew member creation
2021-01-10 17:43:24 INFO  CrewMemberFactory:19 - Crew member creation
2021-01-10 17:43:24 INFO  CrewMemberFactory:19 - Crew member creation
2021-01-10 17:43:24 INFO  CrewMemberFactory:19 - Crew member creation
2021-01-10 17:43:24 INFO  CrewMemberFactory:19 - Crew member creation
2021-01-10 17:43:24 INFO  CrewMemberFactory:19 - Crew member creation
2021-01-10 17:43:24 INFO  CrewMemberFactory:19 - Crew member creation
2021-01-10 17:43:24 INFO  CrewMemberFactory:19 - Crew member creation
2021-01-10 17:43:24 INFO  CrewMemberFactory:19 - Crew member creation
2021-01-10 17:43:24 INFO  CrewMemberFactory:19 - Crew member creation
2021-01-10 17:43:24 INFO  CrewMemberFactory:19 - Crew member creation
2021-01-10 17:43:24 INFO  CrewMemberFactory:19 - Crew member creation
2021-01-10 17:43:24 INFO  CrewMemberFactory:19 - Crew member creation
2021-01-10 17:43:24 INFO  CrewMemberFactory:19 - Crew member creation
2021-01-10 17:43:24 INFO  CrewMemberFactory:19 - Crew member creation
2021-01-10 17:43:24 INFO  CrewMemberFactory:19 - Crew member creation
2021-01-10 17:43:24 INFO  CrewMemberFactory:19 - Crew member creation
2021-01-10 17:43:24 INFO  CrewMemberFactory:19 - Crew member creation
2021-01-10 17:43:24 INFO  CrewMemberFactory:19 - Crew member creation
2021-01-10 17:43:24 INFO  CrewMemberFactory:19 - Crew member creation
2021-01-10 17:43:24 INFO  CrewMemberFactory:19 - Crew member creation
2021-01-10 17:43:24 INFO  CrewMemberFactory:19 - Crew member creation
2021-01-10 17:43:24 INFO  CrewMemberFactory:19 - Crew member creation
2021-01-10 17:43:24 INFO  CrewMemberFactory:19 - Crew member creation
2021-01-10 17:43:24 INFO  CrewMemberFactory:19 - Crew member creation
2021-01-10 17:43:24 INFO  CrewMemberFactory:19 - Crew member creation
2021-01-10 17:43:24 INFO  CrewMemberFactory:19 - Crew member creation
2021-01-10 17:43:24 INFO  CrewMemberFactory:19 - Crew member creation
2021-01-10 17:43:24 INFO  CrewMemberFactory:19 - Crew member creation
2021-01-10 17:43:24 INFO  CrewMemberFactory:19 - Crew member creation
2021-01-10 17:43:24 INFO  CrewMemberFactory:19 - Crew member creation
2021-01-10 17:43:24 INFO  CrewMemberFactory:19 - Crew member creation
2021-01-10 17:43:24 INFO  CrewMemberFactory:19 - Crew member creation
2021-01-10 17:43:24 INFO  CrewMemberFactory:19 - Crew member creation
2021-01-10 17:43:24 INFO  CrewMemberFactory:19 - Crew member creation
2021-01-10 17:43:24 INFO  CrewMemberFactory:19 - Crew member creation
2021-01-10 17:43:24 INFO  CrewMemberFactory:19 - Crew member creation
2021-01-10 17:43:24 INFO  CrewMemberFactory:19 - Crew member creation
2021-01-10 17:43:24 INFO  CrewMemberFactory:19 - Crew member creation
2021-01-10 17:43:24 INFO  CrewMemberFactory:19 - Crew member creation
2021-01-10 17:43:24 INFO  CrewMemberFactory:19 - Crew member creation
2021-01-10 17:43:24 INFO  CrewMemberFactory:19 - Crew member creation
2021-01-10 17:43:24 INFO  CrewMemberFactory:19 - Crew member creation
2021-01-10 17:43:24 INFO  CrewMemberFactory:19 - Crew member creation
2021-01-10 17:43:24 INFO  CrewMemberFactory:19 - Crew member creation
2021-01-10 17:43:24 INFO  CrewMemberFactory:19 - Crew member creation
2021-01-10 17:43:24 INFO  SpaceshipFactory:19 - Spaceship creation
