2021-01-10 17:28:46 INFO  CrewMemberFactory:19 - Crew member creation
2021-01-10 17:28:47 INFO  CrewMemberFactory:19 - Crew member creation
2021-01-10 17:28:47 INFO  CrewMemberFactory:19 - Crew member creation
2021-01-10 17:28:47 INFO  CrewMemberFactory:19 - Crew member creation
2021-01-10 17:28:47 INFO  CrewMemberFactory:19 - Crew member creation
2021-01-10 17:28:47 INFO  CrewMemberFactory:19 - Crew member creation
2021-01-10 17:28:47 INFO  CrewMemberFactory:19 - Crew member creation
2021-01-10 17:28:47 INFO  CrewMemberFactory:19 - Crew member creation
2021-01-10 17:28:47 INFO  CrewMemberFactory:19 - Crew member creation
2021-01-10 17:28:47 INFO  CrewMemberFactory:19 - Crew member creation
2021-01-10 17:28:47 INFO  CrewMemberFactory:19 - Crew member creation
2021-01-10 17:28:47 INFO  CrewMemberFactory:19 - Crew member creation
2021-01-10 17:28:47 INFO  CrewMemberFactory:19 - Crew member creation
2021-01-10 17:28:47 INFO  CrewMemberFactory:19 - Crew member creation
2021-01-10 17:28:47 INFO  CrewMemberFactory:19 - Crew member creation
2021-01-10 17:28:47 INFO  CrewMemberFactory:19 - Crew member creation
2021-01-10 17:28:47 INFO  CrewMemberFactory:19 - Crew member creation
2021-01-10 17:28:47 INFO  CrewMemberFactory:19 - Crew member creation
2021-01-10 17:28:47 INFO  CrewMemberFactory:19 - Crew member creation
2021-01-10 17:28:47 INFO  CrewMemberFactory:19 - Crew member creation
2021-01-10 17:28:47 INFO  CrewMemberFactory:19 - Crew member creation
2021-01-10 17:28:47 INFO  CrewMemberFactory:19 - Crew member creation
2021-01-10 17:28:47 INFO  CrewMemberFactory:19 - Crew member creation
2021-01-10 17:28:47 INFO  CrewMemberFactory:19 - Crew member creation
2021-01-10 17:28:47 INFO  CrewMemberFactory:19 - Crew member creation
2021-01-10 17:28:47 INFO  CrewMemberFactory:19 - Crew member creation
2021-01-10 17:28:47 INFO  CrewMemberFactory:19 - Crew member creation
2021-01-10 17:28:47 INFO  CrewMemberFactory:19 - Crew member creation
2021-01-10 17:28:47 INFO  CrewMemberFactory:19 - Crew member creation
2021-01-10 17:28:47 INFO  CrewMemberFactory:19 - Crew member creation
2021-01-10 17:28:47 INFO  CrewMemberFactory:19 - Crew member creation
2021-01-10 17:28:47 INFO  CrewMemberFactory:19 - Crew member creation
2021-01-10 17:28:47 INFO  CrewMemberFactory:19 - Crew member creation
2021-01-10 17:28:47 INFO  CrewMemberFactory:19 - Crew member creation
2021-01-10 17:28:47 INFO  CrewMemberFactory:19 - Crew member creation
2021-01-10 17:28:47 INFO  CrewMemberFactory:19 - Crew member creation
2021-01-10 17:28:47 INFO  CrewMemberFactory:19 - Crew member creation
2021-01-10 17:28:47 INFO  CrewMemberFactory:19 - Crew member creation
2021-01-10 17:28:47 INFO  CrewMemberFactory:19 - Crew member creation
2021-01-10 17:28:47 INFO  CrewMemberFactory:19 - Crew member creation
2021-01-10 17:28:47 INFO  CrewMemberFactory:19 - Crew member creation
2021-01-10 17:28:47 INFO  CrewMemberFactory:19 - Crew member creation
2021-01-10 17:28:47 INFO  CrewMemberFactory:19 - Crew member creation
2021-01-10 17:28:47 INFO  CrewMemberFactory:19 - Crew member creation
2021-01-10 17:28:47 INFO  CrewMemberFactory:19 - Crew member creation
2021-01-10 17:28:47 INFO  CrewMemberFactory:19 - Crew member creation
2021-01-10 17:28:47 INFO  CrewMemberFactory:19 - Crew member creation
2021-01-10 17:28:47 INFO  CrewMemberFactory:19 - Crew member creation
2021-01-10 17:28:47 INFO  CrewMemberFactory:19 - Crew member creation
2021-01-10 17:28:47 INFO  CrewMemberFactory:19 - Crew member creation
2021-01-10 17:28:47 INFO  CrewMemberFactory:19 - Crew member creation
2021-01-10 17:28:47 INFO  CrewMemberFactory:19 - Crew member creation
2021-01-10 17:28:47 INFO  CrewMemberFactory:19 - Crew member creation
2021-01-10 17:28:47 INFO  CrewMemberFactory:19 - Crew member creation
2021-01-10 17:28:47 INFO  CrewMemberFactory:19 - Crew member creation
2021-01-10 17:28:47 INFO  CrewMemberFactory:19 - Crew member creation
2021-01-10 17:28:47 INFO  CrewMemberFactory:19 - Crew member creation
2021-01-10 17:28:47 INFO  CrewMemberFactory:19 - Crew member creation
2021-01-10 17:28:47 INFO  CrewMemberFactory:19 - Crew member creation
2021-01-10 17:28:47 INFO  CrewMemberFactory:19 - Crew member creation
2021-01-10 17:28:47 INFO  CrewMemberFactory:19 - Crew member creation
2021-01-10 17:28:47 INFO  CrewMemberFactory:19 - Crew member creation
2021-01-10 17:28:47 INFO  CrewMemberFactory:19 - Crew member creation
2021-01-10 17:28:47 INFO  CrewMemberFactory:19 - Crew member creation
2021-01-10 17:28:47 INFO  CrewMemberFactory:19 - Crew member creation
2021-01-10 17:28:47 INFO  CrewMemberFactory:19 - Crew member creation
2021-01-10 17:28:47 INFO  CrewMemberFactory:19 - Crew member creation
2021-01-10 17:28:47 INFO  CrewMemberFactory:19 - Crew member creation
2021-01-10 17:28:47 INFO  CrewMemberFactory:19 - Crew member creation
2021-01-10 17:28:47 INFO  CrewMemberFactory:19 - Crew member creation
2021-01-10 17:28:47 INFO  CrewMemberFactory:19 - Crew member creation
2021-01-10 17:28:47 INFO  CrewMemberFactory:19 - Crew member creation
2021-01-10 17:28:47 INFO  CrewMemberFactory:19 - Crew member creation
2021-01-10 17:28:47 INFO  CrewMemberFactory:19 - Crew member creation
2021-01-10 17:28:47 INFO  CrewMemberFactory:19 - Crew member creation
2021-01-10 17:28:47 INFO  CrewMemberFactory:19 - Crew member creation
2021-01-10 17:28:47 INFO  CrewMemberFactory:19 - Crew member creation
2021-01-10 17:28:47 INFO  CrewMemberFactory:19 - Crew member creation
2021-01-10 17:28:47 INFO  CrewMemberFactory:19 - Crew member creation
2021-01-10 17:28:47 INFO  CrewMemberFactory:19 - Crew member creation
2021-01-10 17:28:47 INFO  CrewMemberFactory:19 - Crew member creation
2021-01-10 17:28:47 INFO  CrewMemberFactory:19 - Crew member creation
2021-01-10 17:28:47 INFO  CrewMemberFactory:19 - Crew member creation
2021-01-10 17:28:47 INFO  CrewMemberFactory:19 - Crew member creation
2021-01-10 17:28:47 INFO  CrewMemberFactory:19 - Crew member creation
2021-01-10 17:28:47 INFO  CrewMemberFactory:19 - Crew member creation
2021-01-10 17:28:47 INFO  CrewMemberFactory:19 - Crew member creation
2021-01-10 17:28:47 INFO  CrewMemberFactory:19 - Crew member creation
2021-01-10 17:28:47 INFO  CrewMemberFactory:19 - Crew member creation
2021-01-10 17:28:47 INFO  CrewMemberFactory:19 - Crew member creation
2021-01-10 17:28:47 INFO  CrewMemberFactory:19 - Crew member creation
2021-01-10 17:28:47 INFO  CrewMemberFactory:19 - Crew member creation
2021-01-10 17:28:47 INFO  CrewMemberFactory:19 - Crew member creation
2021-01-10 17:28:47 INFO  CrewMemberFactory:19 - Crew member creation
2021-01-10 17:28:47 INFO  CrewMemberFactory:19 - Crew member creation
2021-01-10 17:28:47 INFO  CrewMemberFactory:19 - Crew member creation
2021-01-10 17:28:47 INFO  CrewMemberFactory:19 - Crew member creation
2021-01-10 17:28:47 INFO  CrewMemberFactory:19 - Crew member creation
2021-01-10 17:28:47 INFO  CrewMemberFactory:19 - Crew member creation
2021-01-10 17:28:47 INFO  CrewMemberFactory:19 - Crew member creation
2021-01-10 17:28:47 INFO  SpaceshipFactory:19 - Spaceship creation
2021-01-10 17:28:47 INFO  SpaceshipFactory:19 - Spaceship creation
2021-01-10 17:28:47 INFO  SpaceshipFactory:19 - Spaceship creation
2021-01-10 17:28:47 INFO  SpaceshipFactory:19 - Spaceship creation
2021-01-10 17:28:47 INFO  SpaceshipFactory:19 - Spaceship creation
2021-01-10 17:28:47 INFO  SpaceshipFactory:19 - Spaceship creation
2021-01-10 17:28:47 INFO  SpaceshipFactory:19 - Spaceship creation
2021-01-10 17:28:47 INFO  SpaceshipFactory:19 - Spaceship creation
2021-01-10 17:28:47 INFO  SpaceshipFactory:19 - Spaceship creation
2021-01-10 17:28:47 INFO  SpaceshipFactory:19 - Spaceship creation
2021-01-10 17:28:47 INFO  SpaceshipFactory:19 - Spaceship creation
2021-01-10 17:28:47 INFO  SpaceshipFactory:19 - Spaceship creation
2021-01-10 17:28:47 INFO  SpaceshipFactory:19 - Spaceship creation
2021-01-10 17:28:47 INFO  SpaceshipFactory:19 - Spaceship creation
2021-01-10 17:28:47 INFO  SpaceshipFactory:19 - Spaceship creation
2021-01-10 17:28:47 INFO  SpaceshipFactory:19 - Spaceship creation
2021-01-10 17:28:47 INFO  SpaceshipFactory:19 - Spaceship creation
2021-01-10 17:28:47 INFO  SpaceshipFactory:19 - Spaceship creation
2021-01-10 17:28:47 INFO  SpaceshipFactory:19 - Spaceship creation
2021-01-10 17:28:47 INFO  SpaceshipFactory:19 - Spaceship creation
2021-01-10 17:28:47 INFO  SpaceshipFactory:19 - Spaceship creation
2021-01-10 17:28:47 INFO  SpaceshipFactory:19 - Spaceship creation
2021-01-10 17:28:47 INFO  SpaceshipFactory:19 - Spaceship creation
2021-01-10 17:28:47 INFO  SpaceshipFactory:19 - Spaceship creation
2021-01-10 17:28:47 INFO  SpaceshipFactory:19 - Spaceship creation
2021-01-10 17:28:47 INFO  SpaceshipFactory:19 - Spaceship creation
2021-01-10 17:28:47 INFO  SpaceshipFactory:19 - Spaceship creation
2021-01-10 17:28:47 INFO  SpaceshipFactory:19 - Spaceship creation
2021-01-10 17:28:47 INFO  SpaceshipFactory:19 - Spaceship creation
2021-01-10 17:28:47 INFO  SpaceshipFactory:19 - Spaceship creation
2021-01-10 17:29:06 INFO  ApplicationMenu:65 - User chose to print crew members
2021-01-10 17:29:23 INFO  ApplicationMenu:71 - User chose to print spaceships
2021-01-10 17:29:41 INFO  ApplicationMenu:77 - User chose to update crew member
2021-01-10 17:29:41 ERROR ApplicationMenu:152 - An error occurred in menu
2021-01-10 17:30:31 INFO  CrewMemberFactory:19 - Crew member creation
2021-01-10 17:30:31 INFO  CrewMemberFactory:19 - Crew member creation
2021-01-10 17:30:31 INFO  CrewMemberFactory:19 - Crew member creation
2021-01-10 17:30:31 INFO  CrewMemberFactory:19 - Crew member creation
2021-01-10 17:30:31 INFO  CrewMemberFactory:19 - Crew member creation
2021-01-10 17:30:31 INFO  CrewMemberFactory:19 - Crew member creation
2021-01-10 17:30:31 INFO  CrewMemberFactory:19 - Crew member creation
2021-01-10 17:30:31 INFO  CrewMemberFactory:19 - Crew member creation
2021-01-10 17:30:31 INFO  CrewMemberFactory:19 - Crew member creation
2021-01-10 17:30:31 INFO  CrewMemberFactory:19 - Crew member creation
2021-01-10 17:30:31 INFO  CrewMemberFactory:19 - Crew member creation
2021-01-10 17:30:31 INFO  CrewMemberFactory:19 - Crew member creation
2021-01-10 17:30:31 INFO  CrewMemberFactory:19 - Crew member creation
2021-01-10 17:30:31 INFO  CrewMemberFactory:19 - Crew member creation
2021-01-10 17:30:31 INFO  CrewMemberFactory:19 - Crew member creation
2021-01-10 17:30:31 INFO  CrewMemberFactory:19 - Crew member creation
2021-01-10 17:30:31 INFO  CrewMemberFactory:19 - Crew member creation
2021-01-10 17:30:31 INFO  CrewMemberFactory:19 - Crew member creation
2021-01-10 17:30:31 INFO  CrewMemberFactory:19 - Crew member creation
2021-01-10 17:30:31 INFO  CrewMemberFactory:19 - Crew member creation
2021-01-10 17:30:31 INFO  CrewMemberFactory:19 - Crew member creation
2021-01-10 17:30:31 INFO  CrewMemberFactory:19 - Crew member creation
2021-01-10 17:30:31 INFO  CrewMemberFactory:19 - Crew member creation
2021-01-10 17:30:31 INFO  CrewMemberFactory:19 - Crew member creation
2021-01-10 17:30:31 INFO  CrewMemberFactory:19 - Crew member creation
2021-01-10 17:30:31 INFO  CrewMemberFactory:19 - Crew member creation
2021-01-10 17:30:31 INFO  CrewMemberFactory:19 - Crew member creation
2021-01-10 17:30:31 INFO  CrewMemberFactory:19 - Crew member creation
2021-01-10 17:30:31 INFO  CrewMemberFactory:19 - Crew member creation
2021-01-10 17:30:31 INFO  CrewMemberFactory:19 - Crew member creation
2021-01-10 17:30:31 INFO  CrewMemberFactory:19 - Crew member creation
2021-01-10 17:30:31 INFO  CrewMemberFactory:19 - Crew member creation
2021-01-10 17:30:31 INFO  CrewMemberFactory:19 - Crew member creation
2021-01-10 17:30:31 INFO  CrewMemberFactory:19 - Crew member creation
2021-01-10 17:30:31 INFO  CrewMemberFactory:19 - Crew member creation
2021-01-10 17:30:31 INFO  CrewMemberFactory:19 - Crew member creation
2021-01-10 17:30:31 INFO  CrewMemberFactory:19 - Crew member creation
2021-01-10 17:30:31 INFO  CrewMemberFactory:19 - Crew member creation
2021-01-10 17:30:31 INFO  CrewMemberFactory:19 - Crew member creation
2021-01-10 17:30:31 INFO  CrewMemberFactory:19 - Crew member creation
2021-01-10 17:30:31 INFO  CrewMemberFactory:19 - Crew member creation
2021-01-10 17:30:31 INFO  CrewMemberFactory:19 - Crew member creation
2021-01-10 17:30:31 INFO  CrewMemberFactory:19 - Crew member creation
2021-01-10 17:30:31 INFO  CrewMemberFactory:19 - Crew member creation
2021-01-10 17:30:31 INFO  CrewMemberFactory:19 - Crew member creation
2021-01-10 17:30:31 INFO  CrewMemberFactory:19 - Crew member creation
2021-01-10 17:30:31 INFO  CrewMemberFactory:19 - Crew member creation
2021-01-10 17:30:31 INFO  CrewMemberFactory:19 - Crew member creation
2021-01-10 17:30:31 INFO  CrewMemberFactory:19 - Crew member creation
2021-01-10 17:30:31 INFO  CrewMemberFactory:19 - Crew member creation
2021-01-10 17:30:31 INFO  CrewMemberFactory:19 - Crew member creation
2021-01-10 17:30:31 INFO  CrewMemberFactory:19 - Crew member creation
2021-01-10 17:30:31 INFO  CrewMemberFactory:19 - Crew member creation
2021-01-10 17:30:31 INFO  CrewMemberFactory:19 - Crew member creation
2021-01-10 17:30:31 INFO  CrewMemberFactory:19 - Crew member creation
2021-01-10 17:30:31 INFO  CrewMemberFactory:19 - Crew member creation
2021-01-10 17:30:31 INFO  CrewMemberFactory:19 - Crew member creation
2021-01-10 17:30:31 INFO  CrewMemberFactory:19 - Crew member creation
2021-01-10 17:30:31 INFO  CrewMemberFactory:19 - Crew member creation
2021-01-10 17:30:31 INFO  CrewMemberFactory:19 - Crew member creation
2021-01-10 17:30:31 INFO  CrewMemberFactory:19 - Crew member creation
2021-01-10 17:30:31 INFO  CrewMemberFactory:19 - Crew member creation
2021-01-10 17:30:31 INFO  CrewMemberFactory:19 - Crew member creation
2021-01-10 17:30:31 INFO  CrewMemberFactory:19 - Crew member creation
2021-01-10 17:30:31 INFO  CrewMemberFactory:19 - Crew member creation
2021-01-10 17:30:31 INFO  CrewMemberFactory:19 - Crew member creation
2021-01-10 17:30:31 INFO  CrewMemberFactory:19 - Crew member creation
2021-01-10 17:30:31 INFO  CrewMemberFactory:19 - Crew member creation
2021-01-10 17:30:31 INFO  CrewMemberFactory:19 - Crew member creation
2021-01-10 17:30:31 INFO  CrewMemberFactory:19 - Crew member creation
2021-01-10 17:30:31 INFO  CrewMemberFactory:19 - Crew member creation
2021-01-10 17:30:31 INFO  CrewMemberFactory:19 - Crew member creation
2021-01-10 17:30:31 INFO  CrewMemberFactory:19 - Crew member creation
2021-01-10 17:30:31 INFO  CrewMemberFactory:19 - Crew member creation
2021-01-10 17:30:31 INFO  CrewMemberFactory:19 - Crew member creation
2021-01-10 17:30:31 INFO  CrewMemberFactory:19 - Crew member creation
2021-01-10 17:30:31 INFO  CrewMemberFactory:19 - Crew member creation
2021-01-10 17:30:31 INFO  CrewMemberFactory:19 - Crew member creation
2021-01-10 17:30:31 INFO  CrewMemberFactory:19 - Crew member creation
2021-01-10 17:30:31 INFO  CrewMemberFactory:19 - Crew member creation
2021-01-10 17:30:31 INFO  CrewMemberFactory:19 - Crew member creation
2021-01-10 17:30:31 INFO  CrewMemberFactory:19 - Crew member creation
2021-01-10 17:30:31 INFO  CrewMemberFactory:19 - Crew member creation
2021-01-10 17:30:31 INFO  CrewMemberFactory:19 - Crew member creation
2021-01-10 17:30:31 INFO  CrewMemberFactory:19 - Crew member creation
2021-01-10 17:30:31 INFO  CrewMemberFactory:19 - Crew member creation
2021-01-10 17:30:31 INFO  CrewMemberFactory:19 - Crew member creation
2021-01-10 17:30:31 INFO  CrewMemberFactory:19 - Crew member creation
2021-01-10 17:30:31 INFO  CrewMemberFactory:19 - Crew member creation
2021-01-10 17:30:31 INFO  CrewMemberFactory:19 - Crew member creation
2021-01-10 17:30:31 INFO  CrewMemberFactory:19 - Crew member creation
2021-01-10 17:30:31 INFO  CrewMemberFactory:19 - Crew member creation
2021-01-10 17:30:31 INFO  CrewMemberFactory:19 - Crew member creation
2021-01-10 17:30:31 INFO  CrewMemberFactory:19 - Crew member creation
2021-01-10 17:30:31 INFO  CrewMemberFactory:19 - Crew member creation
2021-01-10 17:30:31 INFO  CrewMemberFactory:19 - Crew member creation
2021-01-10 17:30:31 INFO  CrewMemberFactory:19 - Crew member creation
2021-01-10 17:30:31 INFO  CrewMemberFactory:19 - Crew member creation
2021-01-10 17:30:31 INFO  CrewMemberFactory:19 - Crew member creation
2021-01-10 17:30:31 INFO  CrewMemberFactory:19 - Crew member creation
2021-01-10 17:30:31 INFO  SpaceshipFactory:19 - Spaceship creation
2021-01-10 17:30:31 INFO  SpaceshipFactory:19 - Spaceship creation
2021-01-10 17:30:31 INFO  SpaceshipFactory:19 - Spaceship creation
2021-01-10 17:30:31 INFO  SpaceshipFactory:19 - Spaceship creation
2021-01-10 17:30:31 INFO  SpaceshipFactory:19 - Spaceship creation
2021-01-10 17:30:31 INFO  SpaceshipFactory:19 - Spaceship creation
2021-01-10 17:30:31 INFO  SpaceshipFactory:19 - Spaceship creation
2021-01-10 17:30:31 INFO  SpaceshipFactory:19 - Spaceship creation
2021-01-10 17:30:31 INFO  SpaceshipFactory:19 - Spaceship creation
2021-01-10 17:30:31 INFO  SpaceshipFactory:19 - Spaceship creation
2021-01-10 17:30:31 INFO  SpaceshipFactory:19 - Spaceship creation
2021-01-10 17:30:31 INFO  SpaceshipFactory:19 - Spaceship creation
2021-01-10 17:30:31 INFO  SpaceshipFactory:19 - Spaceship creation
2021-01-10 17:30:31 INFO  SpaceshipFactory:19 - Spaceship creation
2021-01-10 17:30:31 INFO  SpaceshipFactory:19 - Spaceship creation
2021-01-10 17:30:31 INFO  SpaceshipFactory:19 - Spaceship creation
2021-01-10 17:30:31 INFO  SpaceshipFactory:19 - Spaceship creation
2021-01-10 17:30:31 INFO  SpaceshipFactory:19 - Spaceship creation
2021-01-10 17:30:31 INFO  SpaceshipFactory:19 - Spaceship creation
2021-01-10 17:30:31 INFO  SpaceshipFactory:19 - Spaceship creation
2021-01-10 17:30:31 INFO  SpaceshipFactory:19 - Spaceship creation
2021-01-10 17:30:31 INFO  SpaceshipFactory:19 - Spaceship creation
2021-01-10 17:30:31 INFO  SpaceshipFactory:19 - Spaceship creation
2021-01-10 17:30:31 INFO  SpaceshipFactory:19 - Spaceship creation
2021-01-10 17:30:31 INFO  SpaceshipFactory:19 - Spaceship creation
2021-01-10 17:30:31 INFO  SpaceshipFactory:19 - Spaceship creation
2021-01-10 17:30:31 INFO  SpaceshipFactory:19 - Spaceship creation
2021-01-10 17:30:31 INFO  SpaceshipFactory:19 - Spaceship creation
2021-01-10 17:30:31 INFO  SpaceshipFactory:19 - Spaceship creation
2021-01-10 17:30:31 INFO  SpaceshipFactory:19 - Spaceship creation
2021-01-10 17:30:37 INFO  ApplicationMenu:77 - User chose to update crew member
2021-01-10 17:30:46 ERROR ApplicationMenu:152 - An error occurred in menu
2021-01-10 17:31:08 INFO  CrewMemberFactory:19 - Crew member creation
2021-01-10 17:31:09 INFO  CrewMemberFactory:19 - Crew member creation
2021-01-10 17:31:09 INFO  CrewMemberFactory:19 - Crew member creation
2021-01-10 17:31:09 INFO  CrewMemberFactory:19 - Crew member creation
2021-01-10 17:31:09 INFO  CrewMemberFactory:19 - Crew member creation
2021-01-10 17:31:09 INFO  CrewMemberFactory:19 - Crew member creation
2021-01-10 17:31:09 INFO  CrewMemberFactory:19 - Crew member creation
2021-01-10 17:31:09 INFO  CrewMemberFactory:19 - Crew member creation
2021-01-10 17:31:09 INFO  CrewMemberFactory:19 - Crew member creation
2021-01-10 17:31:09 INFO  CrewMemberFactory:19 - Crew member creation
2021-01-10 17:31:09 INFO  CrewMemberFactory:19 - Crew member creation
2021-01-10 17:31:09 INFO  CrewMemberFactory:19 - Crew member creation
2021-01-10 17:31:09 INFO  CrewMemberFactory:19 - Crew member creation
2021-01-10 17:31:09 INFO  CrewMemberFactory:19 - Crew member creation
2021-01-10 17:31:09 INFO  CrewMemberFactory:19 - Crew member creation
2021-01-10 17:31:09 INFO  CrewMemberFactory:19 - Crew member creation
2021-01-10 17:31:09 INFO  CrewMemberFactory:19 - Crew member creation
2021-01-10 17:31:09 INFO  CrewMemberFactory:19 - Crew member creation
2021-01-10 17:31:09 INFO  CrewMemberFactory:19 - Crew member creation
2021-01-10 17:31:09 INFO  CrewMemberFactory:19 - Crew member creation
2021-01-10 17:31:09 INFO  CrewMemberFactory:19 - Crew member creation
2021-01-10 17:31:09 INFO  CrewMemberFactory:19 - Crew member creation
2021-01-10 17:31:09 INFO  CrewMemberFactory:19 - Crew member creation
2021-01-10 17:31:09 INFO  CrewMemberFactory:19 - Crew member creation
2021-01-10 17:31:09 INFO  CrewMemberFactory:19 - Crew member creation
2021-01-10 17:31:09 INFO  CrewMemberFactory:19 - Crew member creation
2021-01-10 17:31:09 INFO  CrewMemberFactory:19 - Crew member creation
2021-01-10 17:31:09 INFO  CrewMemberFactory:19 - Crew member creation
2021-01-10 17:31:09 INFO  CrewMemberFactory:19 - Crew member creation
2021-01-10 17:31:09 INFO  CrewMemberFactory:19 - Crew member creation
2021-01-10 17:31:09 INFO  CrewMemberFactory:19 - Crew member creation
2021-01-10 17:31:09 INFO  CrewMemberFactory:19 - Crew member creation
2021-01-10 17:31:09 INFO  CrewMemberFactory:19 - Crew member creation
2021-01-10 17:31:09 INFO  CrewMemberFactory:19 - Crew member creation
2021-01-10 17:31:09 INFO  CrewMemberFactory:19 - Crew member creation
2021-01-10 17:31:09 INFO  CrewMemberFactory:19 - Crew member creation
2021-01-10 17:31:09 INFO  CrewMemberFactory:19 - Crew member creation
2021-01-10 17:31:09 INFO  CrewMemberFactory:19 - Crew member creation
2021-01-10 17:31:09 INFO  CrewMemberFactory:19 - Crew member creation
2021-01-10 17:31:09 INFO  CrewMemberFactory:19 - Crew member creation
2021-01-10 17:31:09 INFO  CrewMemberFactory:19 - Crew member creation
2021-01-10 17:31:09 INFO  CrewMemberFactory:19 - Crew member creation
2021-01-10 17:31:09 INFO  CrewMemberFactory:19 - Crew member creation
2021-01-10 17:31:09 INFO  CrewMemberFactory:19 - Crew member creation
2021-01-10 17:31:09 INFO  CrewMemberFactory:19 - Crew member creation
2021-01-10 17:31:09 INFO  CrewMemberFactory:19 - Crew member creation
2021-01-10 17:31:09 INFO  CrewMemberFactory:19 - Crew member creation
2021-01-10 17:31:09 INFO  CrewMemberFactory:19 - Crew member creation
2021-01-10 17:31:09 INFO  CrewMemberFactory:19 - Crew member creation
2021-01-10 17:31:09 INFO  CrewMemberFactory:19 - Crew member creation
2021-01-10 17:31:09 INFO  CrewMemberFactory:19 - Crew member creation
2021-01-10 17:31:09 INFO  CrewMemberFactory:19 - Crew member creation
2021-01-10 17:31:09 INFO  CrewMemberFactory:19 - Crew member creation
2021-01-10 17:31:09 INFO  CrewMemberFactory:19 - Crew member creation
2021-01-10 17:31:09 INFO  CrewMemberFactory:19 - Crew member creation
2021-01-10 17:31:09 INFO  CrewMemberFactory:19 - Crew member creation
2021-01-10 17:31:09 INFO  CrewMemberFactory:19 - Crew member creation
2021-01-10 17:31:09 INFO  CrewMemberFactory:19 - Crew member creation
2021-01-10 17:31:09 INFO  CrewMemberFactory:19 - Crew member creation
2021-01-10 17:31:09 INFO  CrewMemberFactory:19 - Crew member creation
2021-01-10 17:31:09 INFO  CrewMemberFactory:19 - Crew member creation
2021-01-10 17:31:09 INFO  CrewMemberFactory:19 - Crew member creation
2021-01-10 17:31:09 INFO  CrewMemberFactory:19 - Crew member creation
2021-01-10 17:31:09 INFO  CrewMemberFactory:19 - Crew member creation
2021-01-10 17:31:09 INFO  CrewMemberFactory:19 - Crew member creation
2021-01-10 17:31:09 INFO  CrewMemberFactory:19 - Crew member creation
2021-01-10 17:31:09 INFO  CrewMemberFactory:19 - Crew member creation
2021-01-10 17:31:09 INFO  CrewMemberFactory:19 - Crew member creation
2021-01-10 17:31:09 INFO  CrewMemberFactory:19 - Crew member creation
2021-01-10 17:31:09 INFO  CrewMemberFactory:19 - Crew member creation
2021-01-10 17:31:09 INFO  CrewMemberFactory:19 - Crew member creation
2021-01-10 17:31:09 INFO  CrewMemberFactory:19 - Crew member creation
2021-01-10 17:31:09 INFO  CrewMemberFactory:19 - Crew member creation
2021-01-10 17:31:09 INFO  CrewMemberFactory:19 - Crew member creation
2021-01-10 17:31:09 INFO  CrewMemberFactory:19 - Crew member creation
2021-01-10 17:31:09 INFO  CrewMemberFactory:19 - Crew member creation
2021-01-10 17:31:09 INFO  CrewMemberFactory:19 - Crew member creation
2021-01-10 17:31:09 INFO  CrewMemberFactory:19 - Crew member creation
2021-01-10 17:31:09 INFO  CrewMemberFactory:19 - Crew member creation
2021-01-10 17:31:09 INFO  CrewMemberFactory:19 - Crew member creation
2021-01-10 17:31:09 INFO  CrewMemberFactory:19 - Crew member creation
2021-01-10 17:31:09 INFO  CrewMemberFactory:19 - Crew member creation
2021-01-10 17:31:09 INFO  CrewMemberFactory:19 - Crew member creation
2021-01-10 17:31:09 INFO  CrewMemberFactory:19 - Crew member creation
2021-01-10 17:31:09 INFO  CrewMemberFactory:19 - Crew member creation
2021-01-10 17:31:09 INFO  CrewMemberFactory:19 - Crew member creation
2021-01-10 17:31:09 INFO  CrewMemberFactory:19 - Crew member creation
2021-01-10 17:31:09 INFO  CrewMemberFactory:19 - Crew member creation
2021-01-10 17:31:09 INFO  CrewMemberFactory:19 - Crew member creation
2021-01-10 17:31:09 INFO  CrewMemberFactory:19 - Crew member creation
2021-01-10 17:31:09 INFO  CrewMemberFactory:19 - Crew member creation
2021-01-10 17:31:09 INFO  CrewMemberFactory:19 - Crew member creation
2021-01-10 17:31:09 INFO  CrewMemberFactory:19 - Crew member creation
2021-01-10 17:31:09 INFO  CrewMemberFactory:19 - Crew member creation
2021-01-10 17:31:09 INFO  CrewMemberFactory:19 - Crew member creation
2021-01-10 17:31:09 INFO  CrewMemberFactory:19 - Crew member creation
2021-01-10 17:31:09 INFO  CrewMemberFactory:19 - Crew member creation
2021-01-10 17:31:09 INFO  CrewMemberFactory:19 - Crew member creation
2021-01-10 17:31:09 INFO  CrewMemberFactory:19 - Crew member creation
2021-01-10 17:31:09 INFO  CrewMemberFactory:19 - Crew member creation
2021-01-10 17:31:09 INFO  SpaceshipFactory:19 - Spaceship creation
2021-01-10 17:31:09 INFO  SpaceshipFactory:19 - Spaceship creation
2021-01-10 17:31:09 INFO  SpaceshipFactory:19 - Spaceship creation
2021-01-10 17:31:09 INFO  SpaceshipFactory:19 - Spaceship creation
2021-01-10 17:31:09 INFO  SpaceshipFactory:19 - Spaceship creation
2021-01-10 17:31:09 INFO  SpaceshipFactory:19 - Spaceship creation
2021-01-10 17:31:09 INFO  SpaceshipFactory:19 - Spaceship creation
2021-01-10 17:31:09 INFO  SpaceshipFactory:19 - Spaceship creation
2021-01-10 17:31:09 INFO  SpaceshipFactory:19 - Spaceship creation
2021-01-10 17:31:09 INFO  SpaceshipFactory:19 - Spaceship creation
2021-01-10 17:31:09 INFO  SpaceshipFactory:19 - Spaceship creation
2021-01-10 17:31:09 INFO  SpaceshipFactory:19 - Spaceship creation
2021-01-10 17:31:09 INFO  SpaceshipFactory:19 - Spaceship creation
2021-01-10 17:31:09 INFO  SpaceshipFactory:19 - Spaceship creation
2021-01-10 17:31:09 INFO  SpaceshipFactory:19 - Spaceship creation
2021-01-10 17:31:09 INFO  SpaceshipFactory:19 - Spaceship creation
2021-01-10 17:31:09 INFO  SpaceshipFactory:19 - Spaceship creation
2021-01-10 17:31:09 INFO  SpaceshipFactory:19 - Spaceship creation
2021-01-10 17:31:09 INFO  SpaceshipFactory:19 - Spaceship creation
2021-01-10 17:31:09 INFO  SpaceshipFactory:19 - Spaceship creation
2021-01-10 17:31:09 INFO  SpaceshipFactory:19 - Spaceship creation
2021-01-10 17:31:09 INFO  SpaceshipFactory:19 - Spaceship creation
2021-01-10 17:31:09 INFO  SpaceshipFactory:19 - Spaceship creation
2021-01-10 17:31:09 INFO  SpaceshipFactory:19 - Spaceship creation
2021-01-10 17:31:09 INFO  SpaceshipFactory:19 - Spaceship creation
2021-01-10 17:31:09 INFO  SpaceshipFactory:19 - Spaceship creation
2021-01-10 17:31:09 INFO  SpaceshipFactory:19 - Spaceship creation
2021-01-10 17:31:09 INFO  SpaceshipFactory:19 - Spaceship creation
2021-01-10 17:31:09 INFO  SpaceshipFactory:19 - Spaceship creation
2021-01-10 17:31:09 INFO  SpaceshipFactory:19 - Spaceship creation
2021-01-10 17:31:13 INFO  ApplicationMenu:77 - User chose to update crew member
2021-01-10 17:31:25 ERROR ApplicationMenu:152 - An error occurred in menu
2021-01-10 17:31:31 INFO  ApplicationMenu:65 - User chose to print crew members
2021-01-10 17:34:37 INFO  CrewMemberFactory:19 - Crew member creation
2021-01-10 17:34:37 INFO  CrewMemberFactory:19 - Crew member creation
2021-01-10 17:34:37 INFO  CrewMemberFactory:19 - Crew member creation
2021-01-10 17:34:37 INFO  CrewMemberFactory:19 - Crew member creation
2021-01-10 17:34:37 INFO  CrewMemberFactory:19 - Crew member creation
2021-01-10 17:34:37 INFO  CrewMemberFactory:19 - Crew member creation
2021-01-10 17:34:37 INFO  CrewMemberFactory:19 - Crew member creation
2021-01-10 17:34:37 INFO  CrewMemberFactory:19 - Crew member creation
2021-01-10 17:34:37 INFO  CrewMemberFactory:19 - Crew member creation
2021-01-10 17:34:37 INFO  CrewMemberFactory:19 - Crew member creation
2021-01-10 17:34:37 INFO  CrewMemberFactory:19 - Crew member creation
2021-01-10 17:34:37 INFO  CrewMemberFactory:19 - Crew member creation
2021-01-10 17:34:37 INFO  CrewMemberFactory:19 - Crew member creation
2021-01-10 17:34:37 INFO  CrewMemberFactory:19 - Crew member creation
2021-01-10 17:34:37 INFO  CrewMemberFactory:19 - Crew member creation
2021-01-10 17:34:37 INFO  CrewMemberFactory:19 - Crew member creation
2021-01-10 17:34:37 INFO  CrewMemberFactory:19 - Crew member creation
2021-01-10 17:34:37 INFO  CrewMemberFactory:19 - Crew member creation
2021-01-10 17:34:37 INFO  CrewMemberFactory:19 - Crew member creation
2021-01-10 17:34:37 INFO  CrewMemberFactory:19 - Crew member creation
2021-01-10 17:34:37 INFO  CrewMemberFactory:19 - Crew member creation
2021-01-10 17:34:37 INFO  CrewMemberFactory:19 - Crew member creation
2021-01-10 17:34:37 INFO  CrewMemberFactory:19 - Crew member creation
2021-01-10 17:34:37 INFO  CrewMemberFactory:19 - Crew member creation
2021-01-10 17:34:37 INFO  CrewMemberFactory:19 - Crew member creation
2021-01-10 17:34:37 INFO  CrewMemberFactory:19 - Crew member creation
2021-01-10 17:34:37 INFO  CrewMemberFactory:19 - Crew member creation
2021-01-10 17:34:37 INFO  CrewMemberFactory:19 - Crew member creation
2021-01-10 17:34:37 INFO  CrewMemberFactory:19 - Crew member creation
2021-01-10 17:34:37 INFO  CrewMemberFactory:19 - Crew member creation
2021-01-10 17:34:37 INFO  CrewMemberFactory:19 - Crew member creation
2021-01-10 17:34:37 INFO  CrewMemberFactory:19 - Crew member creation
2021-01-10 17:34:37 INFO  CrewMemberFactory:19 - Crew member creation
2021-01-10 17:34:37 INFO  CrewMemberFactory:19 - Crew member creation
2021-01-10 17:34:37 INFO  CrewMemberFactory:19 - Crew member creation
2021-01-10 17:34:37 INFO  CrewMemberFactory:19 - Crew member creation
2021-01-10 17:34:37 INFO  CrewMemberFactory:19 - Crew member creation
2021-01-10 17:34:37 INFO  CrewMemberFactory:19 - Crew member creation
2021-01-10 17:34:37 INFO  CrewMemberFactory:19 - Crew member creation
2021-01-10 17:34:37 INFO  CrewMemberFactory:19 - Crew member creation
2021-01-10 17:34:37 INFO  CrewMemberFactory:19 - Crew member creation
2021-01-10 17:34:37 INFO  CrewMemberFactory:19 - Crew member creation
2021-01-10 17:34:37 INFO  CrewMemberFactory:19 - Crew member creation
2021-01-10 17:34:37 INFO  CrewMemberFactory:19 - Crew member creation
2021-01-10 17:34:37 INFO  CrewMemberFactory:19 - Crew member creation
2021-01-10 17:34:37 INFO  CrewMemberFactory:19 - Crew member creation
2021-01-10 17:34:37 INFO  CrewMemberFactory:19 - Crew member creation
2021-01-10 17:34:37 INFO  CrewMemberFactory:19 - Crew member creation
2021-01-10 17:34:37 INFO  CrewMemberFactory:19 - Crew member creation
2021-01-10 17:34:37 INFO  CrewMemberFactory:19 - Crew member creation
2021-01-10 17:34:37 INFO  CrewMemberFactory:19 - Crew member creation
2021-01-10 17:34:37 INFO  CrewMemberFactory:19 - Crew member creation
2021-01-10 17:34:37 INFO  CrewMemberFactory:19 - Crew member creation
2021-01-10 17:34:37 INFO  CrewMemberFactory:19 - Crew member creation
2021-01-10 17:34:37 INFO  CrewMemberFactory:19 - Crew member creation
2021-01-10 17:34:37 INFO  CrewMemberFactory:19 - Crew member creation
2021-01-10 17:34:37 INFO  CrewMemberFactory:19 - Crew member creation
2021-01-10 17:34:37 INFO  CrewMemberFactory:19 - Crew member creation
2021-01-10 17:34:37 INFO  CrewMemberFactory:19 - Crew member creation
2021-01-10 17:34:37 INFO  CrewMemberFactory:19 - Crew member creation
2021-01-10 17:34:37 INFO  CrewMemberFactory:19 - Crew member creation
2021-01-10 17:34:37 INFO  CrewMemberFactory:19 - Crew member creation
2021-01-10 17:34:37 INFO  CrewMemberFactory:19 - Crew member creation
2021-01-10 17:34:37 INFO  CrewMemberFactory:19 - Crew member creation
2021-01-10 17:34:37 INFO  CrewMemberFactory:19 - Crew member creation
2021-01-10 17:34:37 INFO  CrewMemberFactory:19 - Crew member creation
2021-01-10 17:34:37 INFO  CrewMemberFactory:19 - Crew member creation
2021-01-10 17:34:37 INFO  CrewMemberFactory:19 - Crew member creation
2021-01-10 17:34:37 INFO  CrewMemberFactory:19 - Crew member creation
2021-01-10 17:34:37 INFO  CrewMemberFactory:19 - Crew member creation
2021-01-10 17:34:37 INFO  CrewMemberFactory:19 - Crew member creation
2021-01-10 17:34:37 INFO  CrewMemberFactory:19 - Crew member creation
2021-01-10 17:34:37 INFO  CrewMemberFactory:19 - Crew member creation
2021-01-10 17:34:37 INFO  CrewMemberFactory:19 - Crew member creation
2021-01-10 17:34:37 INFO  CrewMemberFactory:19 - Crew member creation
2021-01-10 17:34:37 INFO  CrewMemberFactory:19 - Crew member creation
2021-01-10 17:34:37 INFO  CrewMemberFactory:19 - Crew member creation
2021-01-10 17:34:37 INFO  CrewMemberFactory:19 - Crew member creation
2021-01-10 17:34:37 INFO  CrewMemberFactory:19 - Crew member creation
2021-01-10 17:34:37 INFO  CrewMemberFactory:19 - Crew member creation
2021-01-10 17:34:37 INFO  CrewMemberFactory:19 - Crew member creation
2021-01-10 17:34:37 INFO  CrewMemberFactory:19 - Crew member creation
2021-01-10 17:34:37 INFO  CrewMemberFactory:19 - Crew member creation
2021-01-10 17:34:37 INFO  CrewMemberFactory:19 - Crew member creation
2021-01-10 17:34:37 INFO  CrewMemberFactory:19 - Crew member creation
2021-01-10 17:34:37 INFO  CrewMemberFactory:19 - Crew member creation
2021-01-10 17:34:37 INFO  CrewMemberFactory:19 - Crew member creation
2021-01-10 17:34:37 INFO  CrewMemberFactory:19 - Crew member creation
2021-01-10 17:34:37 INFO  CrewMemberFactory:19 - Crew member creation
2021-01-10 17:34:37 INFO  CrewMemberFactory:19 - Crew member creation
2021-01-10 17:34:37 INFO  CrewMemberFactory:19 - Crew member creation
2021-01-10 17:34:37 INFO  CrewMemberFactory:19 - Crew member creation
2021-01-10 17:34:37 INFO  CrewMemberFactory:19 - Crew member creation
2021-01-10 17:34:37 INFO  CrewMemberFactory:19 - Crew member creation
2021-01-10 17:34:37 INFO  CrewMemberFactory:19 - Crew member creation
2021-01-10 17:34:37 INFO  CrewMemberFactory:19 - Crew member creation
2021-01-10 17:34:37 INFO  CrewMemberFactory:19 - Crew member creation
2021-01-10 17:34:37 INFO  CrewMemberFactory:19 - Crew member creation
2021-01-10 17:34:37 INFO  CrewMemberFactory:19 - Crew member creation
2021-01-10 17:34:37 INFO  CrewMemberFactory:19 - Crew member creation
2021-01-10 17:34:37 INFO  SpaceshipFactory:19 - Spaceship creation
2021-01-10 17:34:37 INFO  SpaceshipFactory:19 - Spaceship creation
2021-01-10 17:34:37 INFO  SpaceshipFactory:19 - Spaceship creation
2021-01-10 17:34:37 INFO  SpaceshipFactory:19 - Spaceship creation
2021-01-10 17:34:37 INFO  SpaceshipFactory:19 - Spaceship creation
2021-01-10 17:34:37 INFO  SpaceshipFactory:19 - Spaceship creation
2021-01-10 17:34:37 INFO  SpaceshipFactory:19 - Spaceship creation
2021-01-10 17:34:37 INFO  SpaceshipFactory:19 - Spaceship creation
2021-01-10 17:34:37 INFO  SpaceshipFactory:19 - Spaceship creation
2021-01-10 17:34:37 INFO  SpaceshipFactory:19 - Spaceship creation
2021-01-10 17:34:37 INFO  SpaceshipFactory:19 - Spaceship creation
2021-01-10 17:34:37 INFO  SpaceshipFactory:19 - Spaceship creation
2021-01-10 17:34:37 INFO  SpaceshipFactory:19 - Spaceship creation
2021-01-10 17:34:37 INFO  SpaceshipFactory:19 - Spaceship creation
2021-01-10 17:34:37 INFO  SpaceshipFactory:19 - Spaceship creation
2021-01-10 17:34:37 INFO  SpaceshipFactory:19 - Spaceship creation
2021-01-10 17:34:37 INFO  SpaceshipFactory:19 - Spaceship creation
2021-01-10 17:34:37 INFO  SpaceshipFactory:19 - Spaceship creation
2021-01-10 17:34:37 INFO  SpaceshipFactory:19 - Spaceship creation
2021-01-10 17:34:37 INFO  SpaceshipFactory:19 - Spaceship creation
2021-01-10 17:34:37 INFO  SpaceshipFactory:19 - Spaceship creation
2021-01-10 17:34:37 INFO  SpaceshipFactory:19 - Spaceship creation
2021-01-10 17:34:37 INFO  SpaceshipFactory:19 - Spaceship creation
2021-01-10 17:34:37 INFO  SpaceshipFactory:19 - Spaceship creation
2021-01-10 17:34:37 INFO  SpaceshipFactory:19 - Spaceship creation
2021-01-10 17:34:37 INFO  SpaceshipFactory:19 - Spaceship creation
2021-01-10 17:34:37 INFO  SpaceshipFactory:19 - Spaceship creation
2021-01-10 17:34:37 INFO  SpaceshipFactory:19 - Spaceship creation
2021-01-10 17:34:37 INFO  SpaceshipFactory:19 - Spaceship creation
2021-01-10 17:34:37 INFO  SpaceshipFactory:19 - Spaceship creation
2021-01-10 17:34:42 INFO  ApplicationMenu:77 - User chose to update crew member
2021-01-10 17:34:47 ERROR ApplicationMenu:152 - An error occurred in menu
2021-01-10 17:35:15 INFO  CrewMemberFactory:19 - Crew member creation
2021-01-10 17:35:15 INFO  CrewMemberFactory:19 - Crew member creation
2021-01-10 17:35:15 INFO  CrewMemberFactory:19 - Crew member creation
2021-01-10 17:35:15 INFO  CrewMemberFactory:19 - Crew member creation
2021-01-10 17:35:15 INFO  CrewMemberFactory:19 - Crew member creation
2021-01-10 17:35:15 INFO  CrewMemberFactory:19 - Crew member creation
2021-01-10 17:35:15 INFO  CrewMemberFactory:19 - Crew member creation
2021-01-10 17:35:15 INFO  CrewMemberFactory:19 - Crew member creation
2021-01-10 17:35:15 INFO  CrewMemberFactory:19 - Crew member creation
2021-01-10 17:35:15 INFO  CrewMemberFactory:19 - Crew member creation
2021-01-10 17:35:15 INFO  CrewMemberFactory:19 - Crew member creation
2021-01-10 17:35:15 INFO  CrewMemberFactory:19 - Crew member creation
2021-01-10 17:35:15 INFO  CrewMemberFactory:19 - Crew member creation
2021-01-10 17:35:15 INFO  CrewMemberFactory:19 - Crew member creation
2021-01-10 17:35:15 INFO  CrewMemberFactory:19 - Crew member creation
2021-01-10 17:35:15 INFO  CrewMemberFactory:19 - Crew member creation
2021-01-10 17:35:15 INFO  CrewMemberFactory:19 - Crew member creation
2021-01-10 17:35:15 INFO  CrewMemberFactory:19 - Crew member creation
2021-01-10 17:35:15 INFO  CrewMemberFactory:19 - Crew member creation
2021-01-10 17:35:15 INFO  CrewMemberFactory:19 - Crew member creation
2021-01-10 17:35:15 INFO  CrewMemberFactory:19 - Crew member creation
2021-01-10 17:35:15 INFO  CrewMemberFactory:19 - Crew member creation
2021-01-10 17:35:15 INFO  CrewMemberFactory:19 - Crew member creation
2021-01-10 17:35:15 INFO  CrewMemberFactory:19 - Crew member creation
2021-01-10 17:35:15 INFO  CrewMemberFactory:19 - Crew member creation
2021-01-10 17:35:15 INFO  CrewMemberFactory:19 - Crew member creation
2021-01-10 17:35:15 INFO  CrewMemberFactory:19 - Crew member creation
2021-01-10 17:35:15 INFO  CrewMemberFactory:19 - Crew member creation
2021-01-10 17:35:15 INFO  CrewMemberFactory:19 - Crew member creation
2021-01-10 17:35:15 INFO  CrewMemberFactory:19 - Crew member creation
2021-01-10 17:35:15 INFO  CrewMemberFactory:19 - Crew member creation
2021-01-10 17:35:15 INFO  CrewMemberFactory:19 - Crew member creation
2021-01-10 17:35:15 INFO  CrewMemberFactory:19 - Crew member creation
2021-01-10 17:35:15 INFO  CrewMemberFactory:19 - Crew member creation
2021-01-10 17:35:15 INFO  CrewMemberFactory:19 - Crew member creation
2021-01-10 17:35:15 INFO  CrewMemberFactory:19 - Crew member creation
2021-01-10 17:35:15 INFO  CrewMemberFactory:19 - Crew member creation
2021-01-10 17:35:15 INFO  CrewMemberFactory:19 - Crew member creation
2021-01-10 17:35:15 INFO  CrewMemberFactory:19 - Crew member creation
2021-01-10 17:35:15 INFO  CrewMemberFactory:19 - Crew member creation
2021-01-10 17:35:15 INFO  CrewMemberFactory:19 - Crew member creation
2021-01-10 17:35:15 INFO  CrewMemberFactory:19 - Crew member creation
2021-01-10 17:35:15 INFO  CrewMemberFactory:19 - Crew member creation
2021-01-10 17:35:15 INFO  CrewMemberFactory:19 - Crew member creation
2021-01-10 17:35:15 INFO  CrewMemberFactory:19 - Crew member creation
2021-01-10 17:35:15 INFO  CrewMemberFactory:19 - Crew member creation
2021-01-10 17:35:15 INFO  CrewMemberFactory:19 - Crew member creation
2021-01-10 17:35:15 INFO  CrewMemberFactory:19 - Crew member creation
2021-01-10 17:35:15 INFO  CrewMemberFactory:19 - Crew member creation
2021-01-10 17:35:15 INFO  CrewMemberFactory:19 - Crew member creation
